ERROR - 2025-05-28 12:54:17 --> Error connecting to the database: mysqli_sql_exception: Nenhuma conexão pôde ser feita porque a máquina de destino as recusou ativamente in C:\Users\orlan\Documents\GitHub\SysDelivery\webserver\www\codeigniter4\system\Database\MySQLi\Connection.php:201
Stack trace:
#0 C:\Users\orlan\Documents\GitHub\SysDelivery\webserver\www\codeigniter4\system\Database\MySQLi\Connection.php(201): mysqli->real_connect('localhost', 'aluno', Object(SensitiveParameterValue), 'projeto', 3356, '', 0)
#1 C:\Users\orlan\Documents\GitHub\SysDelivery\webserver\www\codeigniter4\system\Database\BaseConnection.php(421): CodeIgniter\Database\MySQLi\Connection->connect(false)
#2 C:\Users\orlan\Documents\GitHub\SysDelivery\webserver\www\codeigniter4\system\Database\BaseConnection.php(620): CodeIgniter\Database\BaseConnection->initialize()
#3 C:\Users\orlan\Documents\GitHub\SysDelivery\webserver\www\codeigniter4\system\Database\BaseBuilder.php(1649): CodeIgniter\Database\BaseConnection->query('SELECT *\nFROM `...', Array, false)
#4 C:\Users\orlan\Documents\GitHub\SysDelivery\webserver\www\codeigniter4\system\Model.php(286): CodeIgniter\Database\BaseBuilder->get()
#5 C:\Users\orlan\Documents\GitHub\SysDelivery\webserver\www\codeigniter4\system\BaseModel.php(675): CodeIgniter\Model->doFindAll(0, 0)
#6 C:\Users\orlan\Documents\GitHub\SysDelivery\webserver\www\codeigniter4\app\Controllers\Home.php(25): CodeIgniter\BaseModel->findAll()
#7 C:\Users\orlan\Documents\GitHub\SysDelivery\webserver\www\codeigniter4\system\CodeIgniter.php(933): App\Controllers\Home->index()
#8 C:\Users\orlan\Documents\GitHub\SysDelivery\webserver\www\codeigniter4\system\CodeIgniter.php(507): CodeIgniter\CodeIgniter->runController(Object(App\Controllers\Home))
#9 C:\Users\orlan\Documents\GitHub\SysDelivery\webserver\www\codeigniter4\system\CodeIgniter.php(354): CodeIgniter\CodeIgniter->handleRequest(NULL, Object(Config\Cache), false)
#10 C:\Users\orlan\Documents\GitHub\SysDelivery\webserver\www\codeigniter4\system\Boot.php(334): CodeIgniter\CodeIgniter->run()
#11 C:\Users\orlan\Documents\GitHub\SysDelivery\webserver\www\codeigniter4\system\Boot.php(67): CodeIgniter\Boot::runCodeIgniter(Object(CodeIgniter\CodeIgniter))
#12 C:\Users\orlan\Documents\GitHub\SysDelivery\webserver\www\codeigniter4\public\index.php(56): CodeIgniter\Boot::bootWeb(Object(Config\Paths))
#13 C:\Users\orlan\Documents\GitHub\SysDelivery\webserver\www\codeigniter4\system\rewrite.php(44): require_once('C:\\Users\\orlan\\...')
#14 {main}

Next CodeIgniter\Database\Exceptions\DatabaseException: Nenhuma conexão pôde ser feita porque a máquina de destino as recusou ativamente in C:\Users\orlan\Documents\GitHub\SysDelivery\webserver\www\codeigniter4\system\Database\MySQLi\Connection.php:246
Stack trace:
#0 C:\Users\orlan\Documents\GitHub\SysDelivery\webserver\www\codeigniter4\system\Database\BaseConnection.php(421): CodeIgniter\Database\MySQLi\Connection->connect(false)
#1 C:\Users\orlan\Documents\GitHub\SysDelivery\webserver\www\codeigniter4\system\Database\BaseConnection.php(620): CodeIgniter\Database\BaseConnection->initialize()
#2 C:\Users\orlan\Documents\GitHub\SysDelivery\webserver\www\codeigniter4\system\Database\BaseBuilder.php(1649): CodeIgniter\Database\BaseConnection->query('SELECT *\nFROM `...', Array, false)
#3 C:\Users\orlan\Documents\GitHub\SysDelivery\webserver\www\codeigniter4\system\Model.php(286): CodeIgniter\Database\BaseBuilder->get()
#4 C:\Users\orlan\Documents\GitHub\SysDelivery\webserver\www\codeigniter4\system\BaseModel.php(675): CodeIgniter\Model->doFindAll(0, 0)
#5 C:\Users\orlan\Documents\GitHub\SysDelivery\webserver\www\codeigniter4\app\Controllers\Home.php(25): CodeIgniter\BaseModel->findAll()
#6 C:\Users\orlan\Documents\GitHub\SysDelivery\webserver\www\codeigniter4\system\CodeIgniter.php(933): App\Controllers\Home->index()
#7 C:\Users\orlan\Documents\GitHub\SysDelivery\webserver\www\codeigniter4\system\CodeIgniter.php(507): CodeIgniter\CodeIgniter->runController(Object(App\Controllers\Home))
#8 C:\Users\orlan\Documents\GitHub\SysDelivery\webserver\www\codeigniter4\system\CodeIgniter.php(354): CodeIgniter\CodeIgniter->handleRequest(NULL, Object(Config\Cache), false)
#9 C:\Users\orlan\Documents\GitHub\SysDelivery\webserver\www\codeigniter4\system\Boot.php(334): CodeIgniter\CodeIgniter->run()
#10 C:\Users\orlan\Documents\GitHub\SysDelivery\webserver\www\codeigniter4\system\Boot.php(67): CodeIgniter\Boot::runCodeIgniter(Object(CodeIgniter\CodeIgniter))
#11 C:\Users\orlan\Documents\GitHub\SysDelivery\webserver\www\codeigniter4\public\index.php(56): CodeIgniter\Boot::bootWeb(Object(Config\Paths))
#12 C:\Users\orlan\Documents\GitHub\SysDelivery\webserver\www\codeigniter4\system\rewrite.php(44): require_once('C:\\Users\\orlan\\...')
#13 {main}
CRITICAL - 2025-05-28 12:54:17 --> CodeIgniter\Database\Exceptions\DatabaseException: Unable to connect to the database.
Main connection [MySQLi]: Nenhuma conexão pôde ser feita porque a máquina de destino as recusou ativamente
[Method: GET, Route: /]
in SYSTEMPATH\Database\BaseConnection.php on line 467.
 1 SYSTEMPATH\Database\BaseConnection.php(620): CodeIgniter\Database\BaseConnection->initialize()
 2 SYSTEMPATH\Database\BaseBuilder.php(1649): CodeIgniter\Database\BaseConnection->query('SELECT *
FROM `categorias`', [], false)
 3 SYSTEMPATH\Model.php(286): CodeIgniter\Database\BaseBuilder->get()
 4 SYSTEMPATH\BaseModel.php(675): CodeIgniter\Model->doFindAll(0, 0)
 5 APPPATH\Controllers\Home.php(25): CodeIgniter\BaseModel->findAll()
 6 SYSTEMPATH\CodeIgniter.php(933): App\Controllers\Home->index()
 7 SYSTEMPATH\CodeIgniter.php(507): CodeIgniter\CodeIgniter->runController(Object(App\Controllers\Home))
 8 SYSTEMPATH\CodeIgniter.php(354): CodeIgniter\CodeIgniter->handleRequest(null, Object(Config\Cache), false)
 9 SYSTEMPATH\Boot.php(334): CodeIgniter\CodeIgniter->run()
10 SYSTEMPATH\Boot.php(67): CodeIgniter\Boot::runCodeIgniter(Object(CodeIgniter\CodeIgniter))
11 FCPATH\index.php(56): CodeIgniter\Boot::bootWeb(Object(Config\Paths))
12 SYSTEMPATH\rewrite.php(44): require_once('C:\\Users\\orlan\\Documents\\GitHub\\SysDelivery\\webserver\\www\\codeigniter4\\public\\index.php')
ERROR - 2025-05-28 12:57:23 --> mysqli_sql_exception: Table 'projeto.categorias' doesn't exist in C:\Users\orlan\Documents\GitHub\SysDelivery\webserver\www\codeigniter4\system\Database\MySQLi\Connection.php:327
Stack trace:
#0 C:\Users\orlan\Documents\GitHub\SysDelivery\webserver\www\codeigniter4\system\Database\MySQLi\Connection.php(327): mysqli->query('SELECT *\nFROM `...', 0)
#1 C:\Users\orlan\Documents\GitHub\SysDelivery\webserver\www\codeigniter4\system\Database\BaseConnection.php(738): CodeIgniter\Database\MySQLi\Connection->execute('SELECT *\nFROM `...')
#2 C:\Users\orlan\Documents\GitHub\SysDelivery\webserver\www\codeigniter4\system\Database\BaseConnection.php(652): CodeIgniter\Database\BaseConnection->simpleQuery('SELECT *\nFROM `...')
#3 C:\Users\orlan\Documents\GitHub\SysDelivery\webserver\www\codeigniter4\system\Database\BaseBuilder.php(1649): CodeIgniter\Database\BaseConnection->query('SELECT *\nFROM `...', Array, false)
#4 C:\Users\orlan\Documents\GitHub\SysDelivery\webserver\www\codeigniter4\system\Model.php(286): CodeIgniter\Database\BaseBuilder->get()
#5 C:\Users\orlan\Documents\GitHub\SysDelivery\webserver\www\codeigniter4\system\BaseModel.php(675): CodeIgniter\Model->doFindAll(0, 0)
#6 C:\Users\orlan\Documents\GitHub\SysDelivery\webserver\www\codeigniter4\app\Controllers\Home.php(25): CodeIgniter\BaseModel->findAll()
#7 C:\Users\orlan\Documents\GitHub\SysDelivery\webserver\www\codeigniter4\system\CodeIgniter.php(933): App\Controllers\Home->index()
#8 C:\Users\orlan\Documents\GitHub\SysDelivery\webserver\www\codeigniter4\system\CodeIgniter.php(507): CodeIgniter\CodeIgniter->runController(Object(App\Controllers\Home))
#9 C:\Users\orlan\Documents\GitHub\SysDelivery\webserver\www\codeigniter4\system\CodeIgniter.php(354): CodeIgniter\CodeIgniter->handleRequest(NULL, Object(Config\Cache), false)
#10 C:\Users\orlan\Documents\GitHub\SysDelivery\webserver\www\codeigniter4\system\Boot.php(334): CodeIgniter\CodeIgniter->run()
#11 C:\Users\orlan\Documents\GitHub\SysDelivery\webserver\www\codeigniter4\system\Boot.php(67): CodeIgniter\Boot::runCodeIgniter(Object(CodeIgniter\CodeIgniter))
#12 C:\Users\orlan\Documents\GitHub\SysDelivery\webserver\www\codeigniter4\public\index.php(56): CodeIgniter\Boot::bootWeb(Object(Config\Paths))
#13 C:\Users\orlan\Documents\GitHub\SysDelivery\webserver\www\codeigniter4\system\rewrite.php(44): require_once('C:\\Users\\orlan\\...')
#14 {main}
CRITICAL - 2025-05-28 12:57:23 --> CodeIgniter\Database\Exceptions\DatabaseException: Table 'projeto.categorias' doesn't exist
[Method: GET, Route: /]
in SYSTEMPATH\Database\BaseConnection.php on line 692.
 1 SYSTEMPATH\Database\BaseBuilder.php(1649): CodeIgniter\Database\BaseConnection->query('SELECT *
FROM `categorias`', [], false)
 2 SYSTEMPATH\Model.php(286): CodeIgniter\Database\BaseBuilder->get()
 3 SYSTEMPATH\BaseModel.php(675): CodeIgniter\Model->doFindAll(0, 0)
 4 APPPATH\Controllers\Home.php(25): CodeIgniter\BaseModel->findAll()
 5 SYSTEMPATH\CodeIgniter.php(933): App\Controllers\Home->index()
 6 SYSTEMPATH\CodeIgniter.php(507): CodeIgniter\CodeIgniter->runController(Object(App\Controllers\Home))
 7 SYSTEMPATH\CodeIgniter.php(354): CodeIgniter\CodeIgniter->handleRequest(null, Object(Config\Cache), false)
 8 SYSTEMPATH\Boot.php(334): CodeIgniter\CodeIgniter->run()
 9 SYSTEMPATH\Boot.php(67): CodeIgniter\Boot::runCodeIgniter(Object(CodeIgniter\CodeIgniter))
10 FCPATH\index.php(56): CodeIgniter\Boot::bootWeb(Object(Config\Paths))
11 SYSTEMPATH\rewrite.php(44): require_once('C:\\Users\\orlan\\Documents\\GitHub\\SysDelivery\\webserver\\www\\codeigniter4\\public\\index.php')
CRITICAL - 2025-05-28 12:57:23 --> [Caused by] CodeIgniter\Database\Exceptions\DatabaseException: Table 'projeto.categorias' doesn't exist
in SYSTEMPATH\Database\MySQLi\Connection.php on line 332.
 1 SYSTEMPATH\Database\BaseConnection.php(738): CodeIgniter\Database\MySQLi\Connection->execute('SELECT *
FROM `categorias`')
 2 SYSTEMPATH\Database\BaseConnection.php(652): CodeIgniter\Database\BaseConnection->simpleQuery('SELECT *
FROM `categorias`')
 3 SYSTEMPATH\Database\BaseBuilder.php(1649): CodeIgniter\Database\BaseConnection->query('SELECT *
FROM `categorias`', [], false)
 4 SYSTEMPATH\Model.php(286): CodeIgniter\Database\BaseBuilder->get()
 5 SYSTEMPATH\BaseModel.php(675): CodeIgniter\Model->doFindAll(0, 0)
 6 APPPATH\Controllers\Home.php(25): CodeIgniter\BaseModel->findAll()
 7 SYSTEMPATH\CodeIgniter.php(933): App\Controllers\Home->index()
 8 SYSTEMPATH\CodeIgniter.php(507): CodeIgniter\CodeIgniter->runController(Object(App\Controllers\Home))
 9 SYSTEMPATH\CodeIgniter.php(354): CodeIgniter\CodeIgniter->handleRequest(null, Object(Config\Cache), false)
10 SYSTEMPATH\Boot.php(334): CodeIgniter\CodeIgniter->run()
11 SYSTEMPATH\Boot.php(67): CodeIgniter\Boot::runCodeIgniter(Object(CodeIgniter\CodeIgniter))
12 FCPATH\index.php(56): CodeIgniter\Boot::bootWeb(Object(Config\Paths))
13 SYSTEMPATH\rewrite.php(44): require_once('C:\\Users\\orlan\\Documents\\GitHub\\SysDelivery\\webserver\\www\\codeigniter4\\public\\index.php')
CRITICAL - 2025-05-28 12:57:23 --> [Caused by] mysqli_sql_exception: Table 'projeto.categorias' doesn't exist
in SYSTEMPATH\Database\MySQLi\Connection.php on line 327.
 1 SYSTEMPATH\Database\MySQLi\Connection.php(327): mysqli->query('SELECT *
FROM `categorias`', 0)
 2 SYSTEMPATH\Database\BaseConnection.php(738): CodeIgniter\Database\MySQLi\Connection->execute('SELECT *
FROM `categorias`')
 3 SYSTEMPATH\Database\BaseConnection.php(652): CodeIgniter\Database\BaseConnection->simpleQuery('SELECT *
FROM `categorias`')
 4 SYSTEMPATH\Database\BaseBuilder.php(1649): CodeIgniter\Database\BaseConnection->query('SELECT *
FROM `categorias`', [], false)
 5 SYSTEMPATH\Model.php(286): CodeIgniter\Database\BaseBuilder->get()
 6 SYSTEMPATH\BaseModel.php(675): CodeIgniter\Model->doFindAll(0, 0)
 7 APPPATH\Controllers\Home.php(25): CodeIgniter\BaseModel->findAll()
 8 SYSTEMPATH\CodeIgniter.php(933): App\Controllers\Home->index()
 9 SYSTEMPATH\CodeIgniter.php(507): CodeIgniter\CodeIgniter->runController(Object(App\Controllers\Home))
10 SYSTEMPATH\CodeIgniter.php(354): CodeIgniter\CodeIgniter->handleRequest(null, Object(Config\Cache), false)
11 SYSTEMPATH\Boot.php(334): CodeIgniter\CodeIgniter->run()
12 SYSTEMPATH\Boot.php(67): CodeIgniter\Boot::runCodeIgniter(Object(CodeIgniter\CodeIgniter))
13 FCPATH\index.php(56): CodeIgniter\Boot::bootWeb(Object(Config\Paths))
14 SYSTEMPATH\rewrite.php(44): require_once('C:\\Users\\orlan\\Documents\\GitHub\\SysDelivery\\webserver\\www\\codeigniter4\\public\\index.php')
ERROR - 2025-05-28 12:57:24 --> mysqli_sql_exception: Table 'projeto.categorias' doesn't exist in C:\Users\orlan\Documents\GitHub\SysDelivery\webserver\www\codeigniter4\system\Database\MySQLi\Connection.php:327
Stack trace:
#0 C:\Users\orlan\Documents\GitHub\SysDelivery\webserver\www\codeigniter4\system\Database\MySQLi\Connection.php(327): mysqli->query('SELECT *\nFROM `...', 0)
#1 C:\Users\orlan\Documents\GitHub\SysDelivery\webserver\www\codeigniter4\system\Database\BaseConnection.php(738): CodeIgniter\Database\MySQLi\Connection->execute('SELECT *\nFROM `...')
#2 C:\Users\orlan\Documents\GitHub\SysDelivery\webserver\www\codeigniter4\system\Database\BaseConnection.php(652): CodeIgniter\Database\BaseConnection->simpleQuery('SELECT *\nFROM `...')
#3 C:\Users\orlan\Documents\GitHub\SysDelivery\webserver\www\codeigniter4\system\Database\BaseBuilder.php(1649): CodeIgniter\Database\BaseConnection->query('SELECT *\nFROM `...', Array, false)
#4 C:\Users\orlan\Documents\GitHub\SysDelivery\webserver\www\codeigniter4\system\Model.php(286): CodeIgniter\Database\BaseBuilder->get()
#5 C:\Users\orlan\Documents\GitHub\SysDelivery\webserver\www\codeigniter4\system\BaseModel.php(675): CodeIgniter\Model->doFindAll(0, 0)
#6 C:\Users\orlan\Documents\GitHub\SysDelivery\webserver\www\codeigniter4\app\Controllers\Home.php(25): CodeIgniter\BaseModel->findAll()
#7 C:\Users\orlan\Documents\GitHub\SysDelivery\webserver\www\codeigniter4\system\CodeIgniter.php(933): App\Controllers\Home->index()
#8 C:\Users\orlan\Documents\GitHub\SysDelivery\webserver\www\codeigniter4\system\CodeIgniter.php(507): CodeIgniter\CodeIgniter->runController(Object(App\Controllers\Home))
#9 C:\Users\orlan\Documents\GitHub\SysDelivery\webserver\www\codeigniter4\system\CodeIgniter.php(354): CodeIgniter\CodeIgniter->handleRequest(NULL, Object(Config\Cache), false)
#10 C:\Users\orlan\Documents\GitHub\SysDelivery\webserver\www\codeigniter4\system\Boot.php(334): CodeIgniter\CodeIgniter->run()
#11 C:\Users\orlan\Documents\GitHub\SysDelivery\webserver\www\codeigniter4\system\Boot.php(67): CodeIgniter\Boot::runCodeIgniter(Object(CodeIgniter\CodeIgniter))
#12 C:\Users\orlan\Documents\GitHub\SysDelivery\webserver\www\codeigniter4\public\index.php(56): CodeIgniter\Boot::bootWeb(Object(Config\Paths))
#13 C:\Users\orlan\Documents\GitHub\SysDelivery\webserver\www\codeigniter4\system\rewrite.php(44): require_once('C:\\Users\\orlan\\...')
#14 {main}
CRITICAL - 2025-05-28 12:57:24 --> CodeIgniter\Database\Exceptions\DatabaseException: Table 'projeto.categorias' doesn't exist
[Method: GET, Route: /]
in SYSTEMPATH\Database\BaseConnection.php on line 692.
 1 SYSTEMPATH\Database\BaseBuilder.php(1649): CodeIgniter\Database\BaseConnection->query('SELECT *
FROM `categorias`', [], false)
 2 SYSTEMPATH\Model.php(286): CodeIgniter\Database\BaseBuilder->get()
 3 SYSTEMPATH\BaseModel.php(675): CodeIgniter\Model->doFindAll(0, 0)
 4 APPPATH\Controllers\Home.php(25): CodeIgniter\BaseModel->findAll()
 5 SYSTEMPATH\CodeIgniter.php(933): App\Controllers\Home->index()
 6 SYSTEMPATH\CodeIgniter.php(507): CodeIgniter\CodeIgniter->runController(Object(App\Controllers\Home))
 7 SYSTEMPATH\CodeIgniter.php(354): CodeIgniter\CodeIgniter->handleRequest(null, Object(Config\Cache), false)
 8 SYSTEMPATH\Boot.php(334): CodeIgniter\CodeIgniter->run()
 9 SYSTEMPATH\Boot.php(67): CodeIgniter\Boot::runCodeIgniter(Object(CodeIgniter\CodeIgniter))
10 FCPATH\index.php(56): CodeIgniter\Boot::bootWeb(Object(Config\Paths))
11 SYSTEMPATH\rewrite.php(44): require_once('C:\\Users\\orlan\\Documents\\GitHub\\SysDelivery\\webserver\\www\\codeigniter4\\public\\index.php')
CRITICAL - 2025-05-28 12:57:24 --> [Caused by] CodeIgniter\Database\Exceptions\DatabaseException: Table 'projeto.categorias' doesn't exist
in SYSTEMPATH\Database\MySQLi\Connection.php on line 332.
 1 SYSTEMPATH\Database\BaseConnection.php(738): CodeIgniter\Database\MySQLi\Connection->execute('SELECT *
FROM `categorias`')
 2 SYSTEMPATH\Database\BaseConnection.php(652): CodeIgniter\Database\BaseConnection->simpleQuery('SELECT *
FROM `categorias`')
 3 SYSTEMPATH\Database\BaseBuilder.php(1649): CodeIgniter\Database\BaseConnection->query('SELECT *
FROM `categorias`', [], false)
 4 SYSTEMPATH\Model.php(286): CodeIgniter\Database\BaseBuilder->get()
 5 SYSTEMPATH\BaseModel.php(675): CodeIgniter\Model->doFindAll(0, 0)
 6 APPPATH\Controllers\Home.php(25): CodeIgniter\BaseModel->findAll()
 7 SYSTEMPATH\CodeIgniter.php(933): App\Controllers\Home->index()
 8 SYSTEMPATH\CodeIgniter.php(507): CodeIgniter\CodeIgniter->runController(Object(App\Controllers\Home))
 9 SYSTEMPATH\CodeIgniter.php(354): CodeIgniter\CodeIgniter->handleRequest(null, Object(Config\Cache), false)
10 SYSTEMPATH\Boot.php(334): CodeIgniter\CodeIgniter->run()
11 SYSTEMPATH\Boot.php(67): CodeIgniter\Boot::runCodeIgniter(Object(CodeIgniter\CodeIgniter))
12 FCPATH\index.php(56): CodeIgniter\Boot::bootWeb(Object(Config\Paths))
13 SYSTEMPATH\rewrite.php(44): require_once('C:\\Users\\orlan\\Documents\\GitHub\\SysDelivery\\webserver\\www\\codeigniter4\\public\\index.php')
CRITICAL - 2025-05-28 12:57:24 --> [Caused by] mysqli_sql_exception: Table 'projeto.categorias' doesn't exist
in SYSTEMPATH\Database\MySQLi\Connection.php on line 327.
 1 SYSTEMPATH\Database\MySQLi\Connection.php(327): mysqli->query('SELECT *
FROM `categorias`', 0)
 2 SYSTEMPATH\Database\BaseConnection.php(738): CodeIgniter\Database\MySQLi\Connection->execute('SELECT *
FROM `categorias`')
 3 SYSTEMPATH\Database\BaseConnection.php(652): CodeIgniter\Database\BaseConnection->simpleQuery('SELECT *
FROM `categorias`')
 4 SYSTEMPATH\Database\BaseBuilder.php(1649): CodeIgniter\Database\BaseConnection->query('SELECT *
FROM `categorias`', [], false)
 5 SYSTEMPATH\Model.php(286): CodeIgniter\Database\BaseBuilder->get()
 6 SYSTEMPATH\BaseModel.php(675): CodeIgniter\Model->doFindAll(0, 0)
 7 APPPATH\Controllers\Home.php(25): CodeIgniter\BaseModel->findAll()
 8 SYSTEMPATH\CodeIgniter.php(933): App\Controllers\Home->index()
 9 SYSTEMPATH\CodeIgniter.php(507): CodeIgniter\CodeIgniter->runController(Object(App\Controllers\Home))
10 SYSTEMPATH\CodeIgniter.php(354): CodeIgniter\CodeIgniter->handleRequest(null, Object(Config\Cache), false)
11 SYSTEMPATH\Boot.php(334): CodeIgniter\CodeIgniter->run()
12 SYSTEMPATH\Boot.php(67): CodeIgniter\Boot::runCodeIgniter(Object(CodeIgniter\CodeIgniter))
13 FCPATH\index.php(56): CodeIgniter\Boot::bootWeb(Object(Config\Paths))
14 SYSTEMPATH\rewrite.php(44): require_once('C:\\Users\\orlan\\Documents\\GitHub\\SysDelivery\\webserver\\www\\codeigniter4\\public\\index.php')
ERROR - 2025-05-28 12:57:24 --> mysqli_sql_exception: Table 'projeto.categorias' doesn't exist in C:\Users\orlan\Documents\GitHub\SysDelivery\webserver\www\codeigniter4\system\Database\MySQLi\Connection.php:327
Stack trace:
#0 C:\Users\orlan\Documents\GitHub\SysDelivery\webserver\www\codeigniter4\system\Database\MySQLi\Connection.php(327): mysqli->query('SELECT *\nFROM `...', 0)
#1 C:\Users\orlan\Documents\GitHub\SysDelivery\webserver\www\codeigniter4\system\Database\BaseConnection.php(738): CodeIgniter\Database\MySQLi\Connection->execute('SELECT *\nFROM `...')
#2 C:\Users\orlan\Documents\GitHub\SysDelivery\webserver\www\codeigniter4\system\Database\BaseConnection.php(652): CodeIgniter\Database\BaseConnection->simpleQuery('SELECT *\nFROM `...')
#3 C:\Users\orlan\Documents\GitHub\SysDelivery\webserver\www\codeigniter4\system\Database\BaseBuilder.php(1649): CodeIgniter\Database\BaseConnection->query('SELECT *\nFROM `...', Array, false)
#4 C:\Users\orlan\Documents\GitHub\SysDelivery\webserver\www\codeigniter4\system\Model.php(286): CodeIgniter\Database\BaseBuilder->get()
#5 C:\Users\orlan\Documents\GitHub\SysDelivery\webserver\www\codeigniter4\system\BaseModel.php(675): CodeIgniter\Model->doFindAll(0, 0)
#6 C:\Users\orlan\Documents\GitHub\SysDelivery\webserver\www\codeigniter4\app\Controllers\Home.php(25): CodeIgniter\BaseModel->findAll()
#7 C:\Users\orlan\Documents\GitHub\SysDelivery\webserver\www\codeigniter4\system\CodeIgniter.php(933): App\Controllers\Home->index()
#8 C:\Users\orlan\Documents\GitHub\SysDelivery\webserver\www\codeigniter4\system\CodeIgniter.php(507): CodeIgniter\CodeIgniter->runController(Object(App\Controllers\Home))
#9 C:\Users\orlan\Documents\GitHub\SysDelivery\webserver\www\codeigniter4\system\CodeIgniter.php(354): CodeIgniter\CodeIgniter->handleRequest(NULL, Object(Config\Cache), false)
#10 C:\Users\orlan\Documents\GitHub\SysDelivery\webserver\www\codeigniter4\system\Boot.php(334): CodeIgniter\CodeIgniter->run()
#11 C:\Users\orlan\Documents\GitHub\SysDelivery\webserver\www\codeigniter4\system\Boot.php(67): CodeIgniter\Boot::runCodeIgniter(Object(CodeIgniter\CodeIgniter))
#12 C:\Users\orlan\Documents\GitHub\SysDelivery\webserver\www\codeigniter4\public\index.php(56): CodeIgniter\Boot::bootWeb(Object(Config\Paths))
#13 C:\Users\orlan\Documents\GitHub\SysDelivery\webserver\www\codeigniter4\system\rewrite.php(44): require_once('C:\\Users\\orlan\\...')
#14 {main}
CRITICAL - 2025-05-28 12:57:24 --> CodeIgniter\Database\Exceptions\DatabaseException: Table 'projeto.categorias' doesn't exist
[Method: GET, Route: /]
in SYSTEMPATH\Database\BaseConnection.php on line 692.
 1 SYSTEMPATH\Database\BaseBuilder.php(1649): CodeIgniter\Database\BaseConnection->query('SELECT *
FROM `categorias`', [], false)
 2 SYSTEMPATH\Model.php(286): CodeIgniter\Database\BaseBuilder->get()
 3 SYSTEMPATH\BaseModel.php(675): CodeIgniter\Model->doFindAll(0, 0)
 4 APPPATH\Controllers\Home.php(25): CodeIgniter\BaseModel->findAll()
 5 SYSTEMPATH\CodeIgniter.php(933): App\Controllers\Home->index()
 6 SYSTEMPATH\CodeIgniter.php(507): CodeIgniter\CodeIgniter->runController(Object(App\Controllers\Home))
 7 SYSTEMPATH\CodeIgniter.php(354): CodeIgniter\CodeIgniter->handleRequest(null, Object(Config\Cache), false)
 8 SYSTEMPATH\Boot.php(334): CodeIgniter\CodeIgniter->run()
 9 SYSTEMPATH\Boot.php(67): CodeIgniter\Boot::runCodeIgniter(Object(CodeIgniter\CodeIgniter))
10 FCPATH\index.php(56): CodeIgniter\Boot::bootWeb(Object(Config\Paths))
11 SYSTEMPATH\rewrite.php(44): require_once('C:\\Users\\orlan\\Documents\\GitHub\\SysDelivery\\webserver\\www\\codeigniter4\\public\\index.php')
CRITICAL - 2025-05-28 12:57:24 --> [Caused by] CodeIgniter\Database\Exceptions\DatabaseException: Table 'projeto.categorias' doesn't exist
in SYSTEMPATH\Database\MySQLi\Connection.php on line 332.
 1 SYSTEMPATH\Database\BaseConnection.php(738): CodeIgniter\Database\MySQLi\Connection->execute('SELECT *
FROM `categorias`')
 2 SYSTEMPATH\Database\BaseConnection.php(652): CodeIgniter\Database\BaseConnection->simpleQuery('SELECT *
FROM `categorias`')
 3 SYSTEMPATH\Database\BaseBuilder.php(1649): CodeIgniter\Database\BaseConnection->query('SELECT *
FROM `categorias`', [], false)
 4 SYSTEMPATH\Model.php(286): CodeIgniter\Database\BaseBuilder->get()
 5 SYSTEMPATH\BaseModel.php(675): CodeIgniter\Model->doFindAll(0, 0)
 6 APPPATH\Controllers\Home.php(25): CodeIgniter\BaseModel->findAll()
 7 SYSTEMPATH\CodeIgniter.php(933): App\Controllers\Home->index()
 8 SYSTEMPATH\CodeIgniter.php(507): CodeIgniter\CodeIgniter->runController(Object(App\Controllers\Home))
 9 SYSTEMPATH\CodeIgniter.php(354): CodeIgniter\CodeIgniter->handleRequest(null, Object(Config\Cache), false)
10 SYSTEMPATH\Boot.php(334): CodeIgniter\CodeIgniter->run()
11 SYSTEMPATH\Boot.php(67): CodeIgniter\Boot::runCodeIgniter(Object(CodeIgniter\CodeIgniter))
12 FCPATH\index.php(56): CodeIgniter\Boot::bootWeb(Object(Config\Paths))
13 SYSTEMPATH\rewrite.php(44): require_once('C:\\Users\\orlan\\Documents\\GitHub\\SysDelivery\\webserver\\www\\codeigniter4\\public\\index.php')
CRITICAL - 2025-05-28 12:57:24 --> [Caused by] mysqli_sql_exception: Table 'projeto.categorias' doesn't exist
in SYSTEMPATH\Database\MySQLi\Connection.php on line 327.
 1 SYSTEMPATH\Database\MySQLi\Connection.php(327): mysqli->query('SELECT *
FROM `categorias`', 0)
 2 SYSTEMPATH\Database\BaseConnection.php(738): CodeIgniter\Database\MySQLi\Connection->execute('SELECT *
FROM `categorias`')
 3 SYSTEMPATH\Database\BaseConnection.php(652): CodeIgniter\Database\BaseConnection->simpleQuery('SELECT *
FROM `categorias`')
 4 SYSTEMPATH\Database\BaseBuilder.php(1649): CodeIgniter\Database\BaseConnection->query('SELECT *
FROM `categorias`', [], false)
 5 SYSTEMPATH\Model.php(286): CodeIgniter\Database\BaseBuilder->get()
 6 SYSTEMPATH\BaseModel.php(675): CodeIgniter\Model->doFindAll(0, 0)
 7 APPPATH\Controllers\Home.php(25): CodeIgniter\BaseModel->findAll()
 8 SYSTEMPATH\CodeIgniter.php(933): App\Controllers\Home->index()
 9 SYSTEMPATH\CodeIgniter.php(507): CodeIgniter\CodeIgniter->runController(Object(App\Controllers\Home))
10 SYSTEMPATH\CodeIgniter.php(354): CodeIgniter\CodeIgniter->handleRequest(null, Object(Config\Cache), false)
11 SYSTEMPATH\Boot.php(334): CodeIgniter\CodeIgniter->run()
12 SYSTEMPATH\Boot.php(67): CodeIgniter\Boot::runCodeIgniter(Object(CodeIgniter\CodeIgniter))
13 FCPATH\index.php(56): CodeIgniter\Boot::bootWeb(Object(Config\Paths))
14 SYSTEMPATH\rewrite.php(44): require_once('C:\\Users\\orlan\\Documents\\GitHub\\SysDelivery\\webserver\\www\\codeigniter4\\public\\index.php')
ERROR - 2025-05-28 12:57:25 --> mysqli_sql_exception: Table 'projeto.categorias' doesn't exist in C:\Users\orlan\Documents\GitHub\SysDelivery\webserver\www\codeigniter4\system\Database\MySQLi\Connection.php:327
Stack trace:
#0 C:\Users\orlan\Documents\GitHub\SysDelivery\webserver\www\codeigniter4\system\Database\MySQLi\Connection.php(327): mysqli->query('SELECT *\nFROM `...', 0)
#1 C:\Users\orlan\Documents\GitHub\SysDelivery\webserver\www\codeigniter4\system\Database\BaseConnection.php(738): CodeIgniter\Database\MySQLi\Connection->execute('SELECT *\nFROM `...')
#2 C:\Users\orlan\Documents\GitHub\SysDelivery\webserver\www\codeigniter4\system\Database\BaseConnection.php(652): CodeIgniter\Database\BaseConnection->simpleQuery('SELECT *\nFROM `...')
#3 C:\Users\orlan\Documents\GitHub\SysDelivery\webserver\www\codeigniter4\system\Database\BaseBuilder.php(1649): CodeIgniter\Database\BaseConnection->query('SELECT *\nFROM `...', Array, false)
#4 C:\Users\orlan\Documents\GitHub\SysDelivery\webserver\www\codeigniter4\system\Model.php(286): CodeIgniter\Database\BaseBuilder->get()
#5 C:\Users\orlan\Documents\GitHub\SysDelivery\webserver\www\codeigniter4\system\BaseModel.php(675): CodeIgniter\Model->doFindAll(0, 0)
#6 C:\Users\orlan\Documents\GitHub\SysDelivery\webserver\www\codeigniter4\app\Controllers\Home.php(25): CodeIgniter\BaseModel->findAll()
#7 C:\Users\orlan\Documents\GitHub\SysDelivery\webserver\www\codeigniter4\system\CodeIgniter.php(933): App\Controllers\Home->index()
#8 C:\Users\orlan\Documents\GitHub\SysDelivery\webserver\www\codeigniter4\system\CodeIgniter.php(507): CodeIgniter\CodeIgniter->runController(Object(App\Controllers\Home))
#9 C:\Users\orlan\Documents\GitHub\SysDelivery\webserver\www\codeigniter4\system\CodeIgniter.php(354): CodeIgniter\CodeIgniter->handleRequest(NULL, Object(Config\Cache), false)
#10 C:\Users\orlan\Documents\GitHub\SysDelivery\webserver\www\codeigniter4\system\Boot.php(334): CodeIgniter\CodeIgniter->run()
#11 C:\Users\orlan\Documents\GitHub\SysDelivery\webserver\www\codeigniter4\system\Boot.php(67): CodeIgniter\Boot::runCodeIgniter(Object(CodeIgniter\CodeIgniter))
#12 C:\Users\orlan\Documents\GitHub\SysDelivery\webserver\www\codeigniter4\public\index.php(56): CodeIgniter\Boot::bootWeb(Object(Config\Paths))
#13 C:\Users\orlan\Documents\GitHub\SysDelivery\webserver\www\codeigniter4\system\rewrite.php(44): require_once('C:\\Users\\orlan\\...')
#14 {main}
CRITICAL - 2025-05-28 12:57:25 --> CodeIgniter\Database\Exceptions\DatabaseException: Table 'projeto.categorias' doesn't exist
[Method: GET, Route: /]
in SYSTEMPATH\Database\BaseConnection.php on line 692.
 1 SYSTEMPATH\Database\BaseBuilder.php(1649): CodeIgniter\Database\BaseConnection->query('SELECT *
FROM `categorias`', [], false)
 2 SYSTEMPATH\Model.php(286): CodeIgniter\Database\BaseBuilder->get()
 3 SYSTEMPATH\BaseModel.php(675): CodeIgniter\Model->doFindAll(0, 0)
 4 APPPATH\Controllers\Home.php(25): CodeIgniter\BaseModel->findAll()
 5 SYSTEMPATH\CodeIgniter.php(933): App\Controllers\Home->index()
 6 SYSTEMPATH\CodeIgniter.php(507): CodeIgniter\CodeIgniter->runController(Object(App\Controllers\Home))
 7 SYSTEMPATH\CodeIgniter.php(354): CodeIgniter\CodeIgniter->handleRequest(null, Object(Config\Cache), false)
 8 SYSTEMPATH\Boot.php(334): CodeIgniter\CodeIgniter->run()
 9 SYSTEMPATH\Boot.php(67): CodeIgniter\Boot::runCodeIgniter(Object(CodeIgniter\CodeIgniter))
10 FCPATH\index.php(56): CodeIgniter\Boot::bootWeb(Object(Config\Paths))
11 SYSTEMPATH\rewrite.php(44): require_once('C:\\Users\\orlan\\Documents\\GitHub\\SysDelivery\\webserver\\www\\codeigniter4\\public\\index.php')
CRITICAL - 2025-05-28 12:57:25 --> [Caused by] CodeIgniter\Database\Exceptions\DatabaseException: Table 'projeto.categorias' doesn't exist
in SYSTEMPATH\Database\MySQLi\Connection.php on line 332.
 1 SYSTEMPATH\Database\BaseConnection.php(738): CodeIgniter\Database\MySQLi\Connection->execute('SELECT *
FROM `categorias`')
 2 SYSTEMPATH\Database\BaseConnection.php(652): CodeIgniter\Database\BaseConnection->simpleQuery('SELECT *
FROM `categorias`')
 3 SYSTEMPATH\Database\BaseBuilder.php(1649): CodeIgniter\Database\BaseConnection->query('SELECT *
FROM `categorias`', [], false)
 4 SYSTEMPATH\Model.php(286): CodeIgniter\Database\BaseBuilder->get()
 5 SYSTEMPATH\BaseModel.php(675): CodeIgniter\Model->doFindAll(0, 0)
 6 APPPATH\Controllers\Home.php(25): CodeIgniter\BaseModel->findAll()
 7 SYSTEMPATH\CodeIgniter.php(933): App\Controllers\Home->index()
 8 SYSTEMPATH\CodeIgniter.php(507): CodeIgniter\CodeIgniter->runController(Object(App\Controllers\Home))
 9 SYSTEMPATH\CodeIgniter.php(354): CodeIgniter\CodeIgniter->handleRequest(null, Object(Config\Cache), false)
10 SYSTEMPATH\Boot.php(334): CodeIgniter\CodeIgniter->run()
11 SYSTEMPATH\Boot.php(67): CodeIgniter\Boot::runCodeIgniter(Object(CodeIgniter\CodeIgniter))
12 FCPATH\index.php(56): CodeIgniter\Boot::bootWeb(Object(Config\Paths))
13 SYSTEMPATH\rewrite.php(44): require_once('C:\\Users\\orlan\\Documents\\GitHub\\SysDelivery\\webserver\\www\\codeigniter4\\public\\index.php')
CRITICAL - 2025-05-28 12:57:25 --> [Caused by] mysqli_sql_exception: Table 'projeto.categorias' doesn't exist
in SYSTEMPATH\Database\MySQLi\Connection.php on line 327.
 1 SYSTEMPATH\Database\MySQLi\Connection.php(327): mysqli->query('SELECT *
FROM `categorias`', 0)
 2 SYSTEMPATH\Database\BaseConnection.php(738): CodeIgniter\Database\MySQLi\Connection->execute('SELECT *
FROM `categorias`')
 3 SYSTEMPATH\Database\BaseConnection.php(652): CodeIgniter\Database\BaseConnection->simpleQuery('SELECT *
FROM `categorias`')
 4 SYSTEMPATH\Database\BaseBuilder.php(1649): CodeIgniter\Database\BaseConnection->query('SELECT *
FROM `categorias`', [], false)
 5 SYSTEMPATH\Model.php(286): CodeIgniter\Database\BaseBuilder->get()
 6 SYSTEMPATH\BaseModel.php(675): CodeIgniter\Model->doFindAll(0, 0)
 7 APPPATH\Controllers\Home.php(25): CodeIgniter\BaseModel->findAll()
 8 SYSTEMPATH\CodeIgniter.php(933): App\Controllers\Home->index()
 9 SYSTEMPATH\CodeIgniter.php(507): CodeIgniter\CodeIgniter->runController(Object(App\Controllers\Home))
10 SYSTEMPATH\CodeIgniter.php(354): CodeIgniter\CodeIgniter->handleRequest(null, Object(Config\Cache), false)
11 SYSTEMPATH\Boot.php(334): CodeIgniter\CodeIgniter->run()
12 SYSTEMPATH\Boot.php(67): CodeIgniter\Boot::runCodeIgniter(Object(CodeIgniter\CodeIgniter))
13 FCPATH\index.php(56): CodeIgniter\Boot::bootWeb(Object(Config\Paths))
14 SYSTEMPATH\rewrite.php(44): require_once('C:\\Users\\orlan\\Documents\\GitHub\\SysDelivery\\webserver\\www\\codeigniter4\\public\\index.php')
ERROR - 2025-05-28 12:57:25 --> mysqli_sql_exception: Table 'projeto.categorias' doesn't exist in C:\Users\orlan\Documents\GitHub\SysDelivery\webserver\www\codeigniter4\system\Database\MySQLi\Connection.php:327
Stack trace:
#0 C:\Users\orlan\Documents\GitHub\SysDelivery\webserver\www\codeigniter4\system\Database\MySQLi\Connection.php(327): mysqli->query('SELECT *\nFROM `...', 0)
#1 C:\Users\orlan\Documents\GitHub\SysDelivery\webserver\www\codeigniter4\system\Database\BaseConnection.php(738): CodeIgniter\Database\MySQLi\Connection->execute('SELECT *\nFROM `...')
#2 C:\Users\orlan\Documents\GitHub\SysDelivery\webserver\www\codeigniter4\system\Database\BaseConnection.php(652): CodeIgniter\Database\BaseConnection->simpleQuery('SELECT *\nFROM `...')
#3 C:\Users\orlan\Documents\GitHub\SysDelivery\webserver\www\codeigniter4\system\Database\BaseBuilder.php(1649): CodeIgniter\Database\BaseConnection->query('SELECT *\nFROM `...', Array, false)
#4 C:\Users\orlan\Documents\GitHub\SysDelivery\webserver\www\codeigniter4\system\Model.php(286): CodeIgniter\Database\BaseBuilder->get()
#5 C:\Users\orlan\Documents\GitHub\SysDelivery\webserver\www\codeigniter4\system\BaseModel.php(675): CodeIgniter\Model->doFindAll(0, 0)
#6 C:\Users\orlan\Documents\GitHub\SysDelivery\webserver\www\codeigniter4\app\Controllers\Home.php(25): CodeIgniter\BaseModel->findAll()
#7 C:\Users\orlan\Documents\GitHub\SysDelivery\webserver\www\codeigniter4\system\CodeIgniter.php(933): App\Controllers\Home->index()
#8 C:\Users\orlan\Documents\GitHub\SysDelivery\webserver\www\codeigniter4\system\CodeIgniter.php(507): CodeIgniter\CodeIgniter->runController(Object(App\Controllers\Home))
#9 C:\Users\orlan\Documents\GitHub\SysDelivery\webserver\www\codeigniter4\system\CodeIgniter.php(354): CodeIgniter\CodeIgniter->handleRequest(NULL, Object(Config\Cache), false)
#10 C:\Users\orlan\Documents\GitHub\SysDelivery\webserver\www\codeigniter4\system\Boot.php(334): CodeIgniter\CodeIgniter->run()
#11 C:\Users\orlan\Documents\GitHub\SysDelivery\webserver\www\codeigniter4\system\Boot.php(67): CodeIgniter\Boot::runCodeIgniter(Object(CodeIgniter\CodeIgniter))
#12 C:\Users\orlan\Documents\GitHub\SysDelivery\webserver\www\codeigniter4\public\index.php(56): CodeIgniter\Boot::bootWeb(Object(Config\Paths))
#13 C:\Users\orlan\Documents\GitHub\SysDelivery\webserver\www\codeigniter4\system\rewrite.php(44): require_once('C:\\Users\\orlan\\...')
#14 {main}
CRITICAL - 2025-05-28 12:57:25 --> CodeIgniter\Database\Exceptions\DatabaseException: Table 'projeto.categorias' doesn't exist
[Method: GET, Route: /]
in SYSTEMPATH\Database\BaseConnection.php on line 692.
 1 SYSTEMPATH\Database\BaseBuilder.php(1649): CodeIgniter\Database\BaseConnection->query('SELECT *
FROM `categorias`', [], false)
 2 SYSTEMPATH\Model.php(286): CodeIgniter\Database\BaseBuilder->get()
 3 SYSTEMPATH\BaseModel.php(675): CodeIgniter\Model->doFindAll(0, 0)
 4 APPPATH\Controllers\Home.php(25): CodeIgniter\BaseModel->findAll()
 5 SYSTEMPATH\CodeIgniter.php(933): App\Controllers\Home->index()
 6 SYSTEMPATH\CodeIgniter.php(507): CodeIgniter\CodeIgniter->runController(Object(App\Controllers\Home))
 7 SYSTEMPATH\CodeIgniter.php(354): CodeIgniter\CodeIgniter->handleRequest(null, Object(Config\Cache), false)
 8 SYSTEMPATH\Boot.php(334): CodeIgniter\CodeIgniter->run()
 9 SYSTEMPATH\Boot.php(67): CodeIgniter\Boot::runCodeIgniter(Object(CodeIgniter\CodeIgniter))
10 FCPATH\index.php(56): CodeIgniter\Boot::bootWeb(Object(Config\Paths))
11 SYSTEMPATH\rewrite.php(44): require_once('C:\\Users\\orlan\\Documents\\GitHub\\SysDelivery\\webserver\\www\\codeigniter4\\public\\index.php')
CRITICAL - 2025-05-28 12:57:25 --> [Caused by] CodeIgniter\Database\Exceptions\DatabaseException: Table 'projeto.categorias' doesn't exist
in SYSTEMPATH\Database\MySQLi\Connection.php on line 332.
 1 SYSTEMPATH\Database\BaseConnection.php(738): CodeIgniter\Database\MySQLi\Connection->execute('SELECT *
FROM `categorias`')
 2 SYSTEMPATH\Database\BaseConnection.php(652): CodeIgniter\Database\BaseConnection->simpleQuery('SELECT *
FROM `categorias`')
 3 SYSTEMPATH\Database\BaseBuilder.php(1649): CodeIgniter\Database\BaseConnection->query('SELECT *
FROM `categorias`', [], false)
 4 SYSTEMPATH\Model.php(286): CodeIgniter\Database\BaseBuilder->get()
 5 SYSTEMPATH\BaseModel.php(675): CodeIgniter\Model->doFindAll(0, 0)
 6 APPPATH\Controllers\Home.php(25): CodeIgniter\BaseModel->findAll()
 7 SYSTEMPATH\CodeIgniter.php(933): App\Controllers\Home->index()
 8 SYSTEMPATH\CodeIgniter.php(507): CodeIgniter\CodeIgniter->runController(Object(App\Controllers\Home))
 9 SYSTEMPATH\CodeIgniter.php(354): CodeIgniter\CodeIgniter->handleRequest(null, Object(Config\Cache), false)
10 SYSTEMPATH\Boot.php(334): CodeIgniter\CodeIgniter->run()
11 SYSTEMPATH\Boot.php(67): CodeIgniter\Boot::runCodeIgniter(Object(CodeIgniter\CodeIgniter))
12 FCPATH\index.php(56): CodeIgniter\Boot::bootWeb(Object(Config\Paths))
13 SYSTEMPATH\rewrite.php(44): require_once('C:\\Users\\orlan\\Documents\\GitHub\\SysDelivery\\webserver\\www\\codeigniter4\\public\\index.php')
CRITICAL - 2025-05-28 12:57:25 --> [Caused by] mysqli_sql_exception: Table 'projeto.categorias' doesn't exist
in SYSTEMPATH\Database\MySQLi\Connection.php on line 327.
 1 SYSTEMPATH\Database\MySQLi\Connection.php(327): mysqli->query('SELECT *
FROM `categorias`', 0)
 2 SYSTEMPATH\Database\BaseConnection.php(738): CodeIgniter\Database\MySQLi\Connection->execute('SELECT *
FROM `categorias`')
 3 SYSTEMPATH\Database\BaseConnection.php(652): CodeIgniter\Database\BaseConnection->simpleQuery('SELECT *
FROM `categorias`')
 4 SYSTEMPATH\Database\BaseBuilder.php(1649): CodeIgniter\Database\BaseConnection->query('SELECT *
FROM `categorias`', [], false)
 5 SYSTEMPATH\Model.php(286): CodeIgniter\Database\BaseBuilder->get()
 6 SYSTEMPATH\BaseModel.php(675): CodeIgniter\Model->doFindAll(0, 0)
 7 APPPATH\Controllers\Home.php(25): CodeIgniter\BaseModel->findAll()
 8 SYSTEMPATH\CodeIgniter.php(933): App\Controllers\Home->index()
 9 SYSTEMPATH\CodeIgniter.php(507): CodeIgniter\CodeIgniter->runController(Object(App\Controllers\Home))
10 SYSTEMPATH\CodeIgniter.php(354): CodeIgniter\CodeIgniter->handleRequest(null, Object(Config\Cache), false)
11 SYSTEMPATH\Boot.php(334): CodeIgniter\CodeIgniter->run()
12 SYSTEMPATH\Boot.php(67): CodeIgniter\Boot::runCodeIgniter(Object(CodeIgniter\CodeIgniter))
13 FCPATH\index.php(56): CodeIgniter\Boot::bootWeb(Object(Config\Paths))
14 SYSTEMPATH\rewrite.php(44): require_once('C:\\Users\\orlan\\Documents\\GitHub\\SysDelivery\\webserver\\www\\codeigniter4\\public\\index.php')
ERROR - 2025-05-28 12:57:25 --> mysqli_sql_exception: Table 'projeto.categorias' doesn't exist in C:\Users\orlan\Documents\GitHub\SysDelivery\webserver\www\codeigniter4\system\Database\MySQLi\Connection.php:327
Stack trace:
#0 C:\Users\orlan\Documents\GitHub\SysDelivery\webserver\www\codeigniter4\system\Database\MySQLi\Connection.php(327): mysqli->query('SELECT *\nFROM `...', 0)
#1 C:\Users\orlan\Documents\GitHub\SysDelivery\webserver\www\codeigniter4\system\Database\BaseConnection.php(738): CodeIgniter\Database\MySQLi\Connection->execute('SELECT *\nFROM `...')
#2 C:\Users\orlan\Documents\GitHub\SysDelivery\webserver\www\codeigniter4\system\Database\BaseConnection.php(652): CodeIgniter\Database\BaseConnection->simpleQuery('SELECT *\nFROM `...')
#3 C:\Users\orlan\Documents\GitHub\SysDelivery\webserver\www\codeigniter4\system\Database\BaseBuilder.php(1649): CodeIgniter\Database\BaseConnection->query('SELECT *\nFROM `...', Array, false)
#4 C:\Users\orlan\Documents\GitHub\SysDelivery\webserver\www\codeigniter4\system\Model.php(286): CodeIgniter\Database\BaseBuilder->get()
#5 C:\Users\orlan\Documents\GitHub\SysDelivery\webserver\www\codeigniter4\system\BaseModel.php(675): CodeIgniter\Model->doFindAll(0, 0)
#6 C:\Users\orlan\Documents\GitHub\SysDelivery\webserver\www\codeigniter4\app\Controllers\Home.php(25): CodeIgniter\BaseModel->findAll()
#7 C:\Users\orlan\Documents\GitHub\SysDelivery\webserver\www\codeigniter4\system\CodeIgniter.php(933): App\Controllers\Home->index()
#8 C:\Users\orlan\Documents\GitHub\SysDelivery\webserver\www\codeigniter4\system\CodeIgniter.php(507): CodeIgniter\CodeIgniter->runController(Object(App\Controllers\Home))
#9 C:\Users\orlan\Documents\GitHub\SysDelivery\webserver\www\codeigniter4\system\CodeIgniter.php(354): CodeIgniter\CodeIgniter->handleRequest(NULL, Object(Config\Cache), false)
#10 C:\Users\orlan\Documents\GitHub\SysDelivery\webserver\www\codeigniter4\system\Boot.php(334): CodeIgniter\CodeIgniter->run()
#11 C:\Users\orlan\Documents\GitHub\SysDelivery\webserver\www\codeigniter4\system\Boot.php(67): CodeIgniter\Boot::runCodeIgniter(Object(CodeIgniter\CodeIgniter))
#12 C:\Users\orlan\Documents\GitHub\SysDelivery\webserver\www\codeigniter4\public\index.php(56): CodeIgniter\Boot::bootWeb(Object(Config\Paths))
#13 C:\Users\orlan\Documents\GitHub\SysDelivery\webserver\www\codeigniter4\system\rewrite.php(44): require_once('C:\\Users\\orlan\\...')
#14 {main}
CRITICAL - 2025-05-28 12:57:25 --> CodeIgniter\Database\Exceptions\DatabaseException: Table 'projeto.categorias' doesn't exist
[Method: GET, Route: /]
in SYSTEMPATH\Database\BaseConnection.php on line 692.
 1 SYSTEMPATH\Database\BaseBuilder.php(1649): CodeIgniter\Database\BaseConnection->query('SELECT *
FROM `categorias`', [], false)
 2 SYSTEMPATH\Model.php(286): CodeIgniter\Database\BaseBuilder->get()
 3 SYSTEMPATH\BaseModel.php(675): CodeIgniter\Model->doFindAll(0, 0)
 4 APPPATH\Controllers\Home.php(25): CodeIgniter\BaseModel->findAll()
 5 SYSTEMPATH\CodeIgniter.php(933): App\Controllers\Home->index()
 6 SYSTEMPATH\CodeIgniter.php(507): CodeIgniter\CodeIgniter->runController(Object(App\Controllers\Home))
 7 SYSTEMPATH\CodeIgniter.php(354): CodeIgniter\CodeIgniter->handleRequest(null, Object(Config\Cache), false)
 8 SYSTEMPATH\Boot.php(334): CodeIgniter\CodeIgniter->run()
 9 SYSTEMPATH\Boot.php(67): CodeIgniter\Boot::runCodeIgniter(Object(CodeIgniter\CodeIgniter))
10 FCPATH\index.php(56): CodeIgniter\Boot::bootWeb(Object(Config\Paths))
11 SYSTEMPATH\rewrite.php(44): require_once('C:\\Users\\orlan\\Documents\\GitHub\\SysDelivery\\webserver\\www\\codeigniter4\\public\\index.php')
CRITICAL - 2025-05-28 12:57:25 --> [Caused by] CodeIgniter\Database\Exceptions\DatabaseException: Table 'projeto.categorias' doesn't exist
in SYSTEMPATH\Database\MySQLi\Connection.php on line 332.
 1 SYSTEMPATH\Database\BaseConnection.php(738): CodeIgniter\Database\MySQLi\Connection->execute('SELECT *
FROM `categorias`')
 2 SYSTEMPATH\Database\BaseConnection.php(652): CodeIgniter\Database\BaseConnection->simpleQuery('SELECT *
FROM `categorias`')
 3 SYSTEMPATH\Database\BaseBuilder.php(1649): CodeIgniter\Database\BaseConnection->query('SELECT *
FROM `categorias`', [], false)
 4 SYSTEMPATH\Model.php(286): CodeIgniter\Database\BaseBuilder->get()
 5 SYSTEMPATH\BaseModel.php(675): CodeIgniter\Model->doFindAll(0, 0)
 6 APPPATH\Controllers\Home.php(25): CodeIgniter\BaseModel->findAll()
 7 SYSTEMPATH\CodeIgniter.php(933): App\Controllers\Home->index()
 8 SYSTEMPATH\CodeIgniter.php(507): CodeIgniter\CodeIgniter->runController(Object(App\Controllers\Home))
 9 SYSTEMPATH\CodeIgniter.php(354): CodeIgniter\CodeIgniter->handleRequest(null, Object(Config\Cache), false)
10 SYSTEMPATH\Boot.php(334): CodeIgniter\CodeIgniter->run()
11 SYSTEMPATH\Boot.php(67): CodeIgniter\Boot::runCodeIgniter(Object(CodeIgniter\CodeIgniter))
12 FCPATH\index.php(56): CodeIgniter\Boot::bootWeb(Object(Config\Paths))
13 SYSTEMPATH\rewrite.php(44): require_once('C:\\Users\\orlan\\Documents\\GitHub\\SysDelivery\\webserver\\www\\codeigniter4\\public\\index.php')
CRITICAL - 2025-05-28 12:57:25 --> [Caused by] mysqli_sql_exception: Table 'projeto.categorias' doesn't exist
in SYSTEMPATH\Database\MySQLi\Connection.php on line 327.
 1 SYSTEMPATH\Database\MySQLi\Connection.php(327): mysqli->query('SELECT *
FROM `categorias`', 0)
 2 SYSTEMPATH\Database\BaseConnection.php(738): CodeIgniter\Database\MySQLi\Connection->execute('SELECT *
FROM `categorias`')
 3 SYSTEMPATH\Database\BaseConnection.php(652): CodeIgniter\Database\BaseConnection->simpleQuery('SELECT *
FROM `categorias`')
 4 SYSTEMPATH\Database\BaseBuilder.php(1649): CodeIgniter\Database\BaseConnection->query('SELECT *
FROM `categorias`', [], false)
 5 SYSTEMPATH\Model.php(286): CodeIgniter\Database\BaseBuilder->get()
 6 SYSTEMPATH\BaseModel.php(675): CodeIgniter\Model->doFindAll(0, 0)
 7 APPPATH\Controllers\Home.php(25): CodeIgniter\BaseModel->findAll()
 8 SYSTEMPATH\CodeIgniter.php(933): App\Controllers\Home->index()
 9 SYSTEMPATH\CodeIgniter.php(507): CodeIgniter\CodeIgniter->runController(Object(App\Controllers\Home))
10 SYSTEMPATH\CodeIgniter.php(354): CodeIgniter\CodeIgniter->handleRequest(null, Object(Config\Cache), false)
11 SYSTEMPATH\Boot.php(334): CodeIgniter\CodeIgniter->run()
12 SYSTEMPATH\Boot.php(67): CodeIgniter\Boot::runCodeIgniter(Object(CodeIgniter\CodeIgniter))
13 FCPATH\index.php(56): CodeIgniter\Boot::bootWeb(Object(Config\Paths))
14 SYSTEMPATH\rewrite.php(44): require_once('C:\\Users\\orlan\\Documents\\GitHub\\SysDelivery\\webserver\\www\\codeigniter4\\public\\index.php')
ERROR - 2025-05-28 12:59:26 --> mysqli_sql_exception: Failed to open the referenced table 'cidades' in C:\Users\orlan\Documents\GitHub\SysDelivery\webserver\www\codeigniter4\system\Database\MySQLi\Connection.php:327
Stack trace:
#0 C:\Users\orlan\Documents\GitHub\SysDelivery\webserver\www\codeigniter4\system\Database\MySQLi\Connection.php(327): mysqli->query('CREATE TABLE `e...', 0)
#1 C:\Users\orlan\Documents\GitHub\SysDelivery\webserver\www\codeigniter4\system\Database\BaseConnection.php(738): CodeIgniter\Database\MySQLi\Connection->execute('CREATE TABLE `e...')
#2 C:\Users\orlan\Documents\GitHub\SysDelivery\webserver\www\codeigniter4\system\Database\BaseConnection.php(652): CodeIgniter\Database\BaseConnection->simpleQuery('CREATE TABLE `e...')
#3 C:\Users\orlan\Documents\GitHub\SysDelivery\webserver\www\codeigniter4\system\Database\Forge.php(570): CodeIgniter\Database\BaseConnection->query('CREATE TABLE `e...')
#4 C:\Users\orlan\Documents\GitHub\SysDelivery\webserver\www\codeigniter4\app\Database\Migrations\2025-04-12-162241_Enderecos.php(45): CodeIgniter\Database\Forge->createTable('enderecos')
#5 C:\Users\orlan\Documents\GitHub\SysDelivery\webserver\www\codeigniter4\system\Database\MigrationRunner.php(866): App\Database\Migrations\Enderecos->up()
#6 C:\Users\orlan\Documents\GitHub\SysDelivery\webserver\www\codeigniter4\system\Database\MigrationRunner.php(182): CodeIgniter\Database\MigrationRunner->migrate('up', Object(stdClass))
#7 C:\Users\orlan\Documents\GitHub\SysDelivery\webserver\www\codeigniter4\system\Commands\Database\Migrate.php(85): CodeIgniter\Database\MigrationRunner->latest(NULL)
#8 C:\Users\orlan\Documents\GitHub\SysDelivery\webserver\www\codeigniter4\system\CLI\Commands.php(70): CodeIgniter\Commands\Database\Migrate->run(Array)
#9 C:\Users\orlan\Documents\GitHub\SysDelivery\webserver\www\codeigniter4\system\CLI\Console.php(48): CodeIgniter\CLI\Commands->run('migrate', Array)
#10 C:\Users\orlan\Documents\GitHub\SysDelivery\webserver\www\codeigniter4\system\Boot.php(360): CodeIgniter\CLI\Console->run()
#11 C:\Users\orlan\Documents\GitHub\SysDelivery\webserver\www\codeigniter4\system\Boot.php(104): CodeIgniter\Boot::runCommand(Object(CodeIgniter\CLI\Console))
#12 C:\Users\orlan\Documents\GitHub\SysDelivery\webserver\www\codeigniter4\spark(84): CodeIgniter\Boot::bootSpark(Object(Config\Paths))
#13 {main}
ERROR - 2025-05-28 13:00:38 --> mysqli_sql_exception: Failed to open the referenced table 'cidades' in C:\Users\orlan\Documents\GitHub\SysDelivery\webserver\www\codeigniter4\system\Database\MySQLi\Connection.php:327
Stack trace:
#0 C:\Users\orlan\Documents\GitHub\SysDelivery\webserver\www\codeigniter4\system\Database\MySQLi\Connection.php(327): mysqli->query('CREATE TABLE `e...', 0)
#1 C:\Users\orlan\Documents\GitHub\SysDelivery\webserver\www\codeigniter4\system\Database\BaseConnection.php(738): CodeIgniter\Database\MySQLi\Connection->execute('CREATE TABLE `e...')
#2 C:\Users\orlan\Documents\GitHub\SysDelivery\webserver\www\codeigniter4\system\Database\BaseConnection.php(652): CodeIgniter\Database\BaseConnection->simpleQuery('CREATE TABLE `e...')
#3 C:\Users\orlan\Documents\GitHub\SysDelivery\webserver\www\codeigniter4\system\Database\Forge.php(570): CodeIgniter\Database\BaseConnection->query('CREATE TABLE `e...')
#4 C:\Users\orlan\Documents\GitHub\SysDelivery\webserver\www\codeigniter4\app\Database\Migrations\2025-04-12-162241_Enderecos.php(45): CodeIgniter\Database\Forge->createTable('enderecos')
#5 C:\Users\orlan\Documents\GitHub\SysDelivery\webserver\www\codeigniter4\system\Database\MigrationRunner.php(866): App\Database\Migrations\Enderecos->up()
#6 C:\Users\orlan\Documents\GitHub\SysDelivery\webserver\www\codeigniter4\system\Database\MigrationRunner.php(182): CodeIgniter\Database\MigrationRunner->migrate('up', Object(stdClass))
#7 C:\Users\orlan\Documents\GitHub\SysDelivery\webserver\www\codeigniter4\system\Commands\Database\Migrate.php(85): CodeIgniter\Database\MigrationRunner->latest(NULL)
#8 C:\Users\orlan\Documents\GitHub\SysDelivery\webserver\www\codeigniter4\system\CLI\Commands.php(70): CodeIgniter\Commands\Database\Migrate->run(Array)
#9 C:\Users\orlan\Documents\GitHub\SysDelivery\webserver\www\codeigniter4\system\CLI\Console.php(48): CodeIgniter\CLI\Commands->run('migrate', Array)
#10 C:\Users\orlan\Documents\GitHub\SysDelivery\webserver\www\codeigniter4\system\Boot.php(360): CodeIgniter\CLI\Console->run()
#11 C:\Users\orlan\Documents\GitHub\SysDelivery\webserver\www\codeigniter4\system\Boot.php(104): CodeIgniter\Boot::runCommand(Object(CodeIgniter\CLI\Console))
#12 C:\Users\orlan\Documents\GitHub\SysDelivery\webserver\www\codeigniter4\spark(84): CodeIgniter\Boot::bootSpark(Object(Config\Paths))
#13 {main}
DEBUG - 2025-05-28 13:04:48 --> Session: Class initialized using 'CodeIgniter\Session\Handlers\FileHandler' driver.
