DEBUG - 2025-04-28 17:58:13 --> Session: Class initialized using 'CodeIgniter\Session\Handlers\FileHandler' driver.
DEBUG - 2025-04-28 17:58:21 --> Session: Class initialized using 'CodeIgniter\Session\Handlers\FileHandler' driver.
DEBUG - 2025-04-28 17:58:35 --> Session: Class initialized using 'CodeIgniter\Session\Handlers\FileHandler' driver.
DEBUG - 2025-04-28 17:58:39 --> Session: Class initialized using 'CodeIgniter\Session\Handlers\FileHandler' driver.
DEBUG - 2025-04-28 17:58:40 --> Session: Class initialized using 'CodeIgniter\Session\Handlers\FileHandler' driver.
DEBUG - 2025-04-28 17:58:41 --> Session: Class initialized using 'CodeIgniter\Session\Handlers\FileHandler' driver.
DEBUG - 2025-04-28 17:58:43 --> Session: Class initialized using 'CodeIgniter\Session\Handlers\FileHandler' driver.
DEBUG - 2025-04-28 17:58:46 --> Session: Class initialized using 'CodeIgniter\Session\Handlers\FileHandler' driver.
DEBUG - 2025-04-28 17:58:54 --> Session: Class initialized using 'CodeIgniter\Session\Handlers\FileHandler' driver.
DEBUG - 2025-04-28 17:59:02 --> Session: Class initialized using 'CodeIgniter\Session\Handlers\FileHandler' driver.
WARNING - 2025-04-28 17:59:08 --> [DEPRECATED] Function utf8_decode() is deprecated in APPPATH\Controllers\Relatorios.php on line 102.
 1 SYSTEMPATH\CodeIgniter.php(933): App\Controllers\Relatorios->index(3)
 2 SYSTEMPATH\CodeIgniter.php(507): CodeIgniter\CodeIgniter->runController(Object(App\Controllers\Relatorios))
 3 SYSTEMPATH\CodeIgniter.php(354): CodeIgniter\CodeIgniter->handleRequest(null, Object(Config\Cache), false)
 4 SYSTEMPATH\Boot.php(334): CodeIgniter\CodeIgniter->run()
 5 SYSTEMPATH\Boot.php(67): CodeIgniter\Boot::runCodeIgniter(Object(CodeIgniter\CodeIgniter))
 6 FCPATH\index.php(56): CodeIgniter\Boot::bootWeb(Object(Config\Paths))
 7 SYSTEMPATH\rewrite.php(44): require_once('D:\\GitHub\\SysDelivery\\webserver\\www\\codeigniter4\\public\\index.php')
WARNING - 2025-04-28 17:59:08 --> [DEPRECATED] Function utf8_decode() is deprecated in APPPATH\Controllers\Relatorios.php on line 112.
 1 SYSTEMPATH\CodeIgniter.php(933): App\Controllers\Relatorios->index(3)
 2 SYSTEMPATH\CodeIgniter.php(507): CodeIgniter\CodeIgniter->runController(Object(App\Controllers\Relatorios))
 3 SYSTEMPATH\CodeIgniter.php(354): CodeIgniter\CodeIgniter->handleRequest(null, Object(Config\Cache), false)
 4 SYSTEMPATH\Boot.php(334): CodeIgniter\CodeIgniter->run()
 5 SYSTEMPATH\Boot.php(67): CodeIgniter\Boot::runCodeIgniter(Object(CodeIgniter\CodeIgniter))
 6 FCPATH\index.php(56): CodeIgniter\Boot::bootWeb(Object(Config\Paths))
 7 SYSTEMPATH\rewrite.php(44): require_once('D:\\GitHub\\SysDelivery\\webserver\\www\\codeigniter4\\public\\index.php')
WARNING - 2025-04-28 17:59:08 --> [DEPRECATED] Function utf8_decode() is deprecated in APPPATH\Controllers\Relatorios.php on line 116.
 1 SYSTEMPATH\CodeIgniter.php(933): App\Controllers\Relatorios->index(3)
 2 SYSTEMPATH\CodeIgniter.php(507): CodeIgniter\CodeIgniter->runController(Object(App\Controllers\Relatorios))
 3 SYSTEMPATH\CodeIgniter.php(354): CodeIgniter\CodeIgniter->handleRequest(null, Object(Config\Cache), false)
 4 SYSTEMPATH\Boot.php(334): CodeIgniter\CodeIgniter->run()
 5 SYSTEMPATH\Boot.php(67): CodeIgniter\Boot::runCodeIgniter(Object(CodeIgniter\CodeIgniter))
 6 FCPATH\index.php(56): CodeIgniter\Boot::bootWeb(Object(Config\Paths))
 7 SYSTEMPATH\rewrite.php(44): require_once('D:\\GitHub\\SysDelivery\\webserver\\www\\codeigniter4\\public\\index.php')
WARNING - 2025-04-28 17:59:08 --> [DEPRECATED] Function utf8_decode() is deprecated in APPPATH\Controllers\Relatorios.php on line 123.
 1 SYSTEMPATH\CodeIgniter.php(933): App\Controllers\Relatorios->index(3)
 2 SYSTEMPATH\CodeIgniter.php(507): CodeIgniter\CodeIgniter->runController(Object(App\Controllers\Relatorios))
 3 SYSTEMPATH\CodeIgniter.php(354): CodeIgniter\CodeIgniter->handleRequest(null, Object(Config\Cache), false)
 4 SYSTEMPATH\Boot.php(334): CodeIgniter\CodeIgniter->run()
 5 SYSTEMPATH\Boot.php(67): CodeIgniter\Boot::runCodeIgniter(Object(CodeIgniter\CodeIgniter))
 6 FCPATH\index.php(56): CodeIgniter\Boot::bootWeb(Object(Config\Paths))
 7 SYSTEMPATH\rewrite.php(44): require_once('D:\\GitHub\\SysDelivery\\webserver\\www\\codeigniter4\\public\\index.php')
WARNING - 2025-04-28 17:59:08 --> [DEPRECATED] Function utf8_decode() is deprecated in APPPATH\Controllers\Relatorios.php on line 124.
 1 SYSTEMPATH\CodeIgniter.php(933): App\Controllers\Relatorios->index(3)
 2 SYSTEMPATH\CodeIgniter.php(507): CodeIgniter\CodeIgniter->runController(Object(App\Controllers\Relatorios))
 3 SYSTEMPATH\CodeIgniter.php(354): CodeIgniter\CodeIgniter->handleRequest(null, Object(Config\Cache), false)
 4 SYSTEMPATH\Boot.php(334): CodeIgniter\CodeIgniter->run()
 5 SYSTEMPATH\Boot.php(67): CodeIgniter\Boot::runCodeIgniter(Object(CodeIgniter\CodeIgniter))
 6 FCPATH\index.php(56): CodeIgniter\Boot::bootWeb(Object(Config\Paths))
 7 SYSTEMPATH\rewrite.php(44): require_once('D:\\GitHub\\SysDelivery\\webserver\\www\\codeigniter4\\public\\index.php')
WARNING - 2025-04-28 17:59:08 --> [DEPRECATED] Function utf8_decode() is deprecated in APPPATH\Controllers\Relatorios.php on line 125.
 1 SYSTEMPATH\CodeIgniter.php(933): App\Controllers\Relatorios->index(3)
 2 SYSTEMPATH\CodeIgniter.php(507): CodeIgniter\CodeIgniter->runController(Object(App\Controllers\Relatorios))
 3 SYSTEMPATH\CodeIgniter.php(354): CodeIgniter\CodeIgniter->handleRequest(null, Object(Config\Cache), false)
 4 SYSTEMPATH\Boot.php(334): CodeIgniter\CodeIgniter->run()
 5 SYSTEMPATH\Boot.php(67): CodeIgniter\Boot::runCodeIgniter(Object(CodeIgniter\CodeIgniter))
 6 FCPATH\index.php(56): CodeIgniter\Boot::bootWeb(Object(Config\Paths))
 7 SYSTEMPATH\rewrite.php(44): require_once('D:\\GitHub\\SysDelivery\\webserver\\www\\codeigniter4\\public\\index.php')
WARNING - 2025-04-28 17:59:08 --> [DEPRECATED] Function utf8_decode() is deprecated in APPPATH\Controllers\Relatorios.php on line 126.
 1 SYSTEMPATH\CodeIgniter.php(933): App\Controllers\Relatorios->index(3)
 2 SYSTEMPATH\CodeIgniter.php(507): CodeIgniter\CodeIgniter->runController(Object(App\Controllers\Relatorios))
 3 SYSTEMPATH\CodeIgniter.php(354): CodeIgniter\CodeIgniter->handleRequest(null, Object(Config\Cache), false)
 4 SYSTEMPATH\Boot.php(334): CodeIgniter\CodeIgniter->run()
 5 SYSTEMPATH\Boot.php(67): CodeIgniter\Boot::runCodeIgniter(Object(CodeIgniter\CodeIgniter))
 6 FCPATH\index.php(56): CodeIgniter\Boot::bootWeb(Object(Config\Paths))
 7 SYSTEMPATH\rewrite.php(44): require_once('D:\\GitHub\\SysDelivery\\webserver\\www\\codeigniter4\\public\\index.php')
WARNING - 2025-04-28 17:59:08 --> [DEPRECATED] Function utf8_decode() is deprecated in APPPATH\Controllers\Relatorios.php on line 127.
 1 SYSTEMPATH\CodeIgniter.php(933): App\Controllers\Relatorios->index(3)
 2 SYSTEMPATH\CodeIgniter.php(507): CodeIgniter\CodeIgniter->runController(Object(App\Controllers\Relatorios))
 3 SYSTEMPATH\CodeIgniter.php(354): CodeIgniter\CodeIgniter->handleRequest(null, Object(Config\Cache), false)
 4 SYSTEMPATH\Boot.php(334): CodeIgniter\CodeIgniter->run()
 5 SYSTEMPATH\Boot.php(67): CodeIgniter\Boot::runCodeIgniter(Object(CodeIgniter\CodeIgniter))
 6 FCPATH\index.php(56): CodeIgniter\Boot::bootWeb(Object(Config\Paths))
 7 SYSTEMPATH\rewrite.php(44): require_once('D:\\GitHub\\SysDelivery\\webserver\\www\\codeigniter4\\public\\index.php')
WARNING - 2025-04-28 17:59:08 --> [DEPRECATED] Function utf8_decode() is deprecated in APPPATH\Controllers\Relatorios.php on line 129.
 1 SYSTEMPATH\CodeIgniter.php(933): App\Controllers\Relatorios->index(3)
 2 SYSTEMPATH\CodeIgniter.php(507): CodeIgniter\CodeIgniter->runController(Object(App\Controllers\Relatorios))
 3 SYSTEMPATH\CodeIgniter.php(354): CodeIgniter\CodeIgniter->handleRequest(null, Object(Config\Cache), false)
 4 SYSTEMPATH\Boot.php(334): CodeIgniter\CodeIgniter->run()
 5 SYSTEMPATH\Boot.php(67): CodeIgniter\Boot::runCodeIgniter(Object(CodeIgniter\CodeIgniter))
 6 FCPATH\index.php(56): CodeIgniter\Boot::bootWeb(Object(Config\Paths))
 7 SYSTEMPATH\rewrite.php(44): require_once('D:\\GitHub\\SysDelivery\\webserver\\www\\codeigniter4\\public\\index.php')
WARNING - 2025-04-28 17:59:08 --> [DEPRECATED] Function utf8_decode() is deprecated in APPPATH\Libraries\RelatorioPDF.php on line 21.
 1 APPPATH\Libraries\fpdf\fpdf.php(279): RelatorioPDF->Footer()
 2 APPPATH\Libraries\fpdf\fpdf.php(988): FPDF->Close()
 3 APPPATH\Controllers\Relatorios.php(132): FPDF->Output('I', 'RelatorioEnderecos.pdf')
 4 SYSTEMPATH\CodeIgniter.php(933): App\Controllers\Relatorios->index(3)
 5 SYSTEMPATH\CodeIgniter.php(507): CodeIgniter\CodeIgniter->runController(Object(App\Controllers\Relatorios))
 6 SYSTEMPATH\CodeIgniter.php(354): CodeIgniter\CodeIgniter->handleRequest(null, Object(Config\Cache), false)
 7 SYSTEMPATH\Boot.php(334): CodeIgniter\CodeIgniter->run()
 8 SYSTEMPATH\Boot.php(67): CodeIgniter\Boot::runCodeIgniter(Object(CodeIgniter\CodeIgniter))
 9 FCPATH\index.php(56): CodeIgniter\Boot::bootWeb(Object(Config\Paths))
10 SYSTEMPATH\rewrite.php(44): require_once('D:\\GitHub\\SysDelivery\\webserver\\www\\codeigniter4\\public\\index.php')
WARNING - 2025-04-28 17:59:09 --> [DEPRECATED] Function utf8_decode() is deprecated in APPPATH\Controllers\Relatorios.php on line 102.
 1 SYSTEMPATH\CodeIgniter.php(933): App\Controllers\Relatorios->index(3)
 2 SYSTEMPATH\CodeIgniter.php(507): CodeIgniter\CodeIgniter->runController(Object(App\Controllers\Relatorios))
 3 SYSTEMPATH\CodeIgniter.php(354): CodeIgniter\CodeIgniter->handleRequest(null, Object(Config\Cache), false)
 4 SYSTEMPATH\Boot.php(334): CodeIgniter\CodeIgniter->run()
 5 SYSTEMPATH\Boot.php(67): CodeIgniter\Boot::runCodeIgniter(Object(CodeIgniter\CodeIgniter))
 6 FCPATH\index.php(56): CodeIgniter\Boot::bootWeb(Object(Config\Paths))
 7 SYSTEMPATH\rewrite.php(44): require_once('D:\\GitHub\\SysDelivery\\webserver\\www\\codeigniter4\\public\\index.php')
WARNING - 2025-04-28 17:59:09 --> [DEPRECATED] Function utf8_decode() is deprecated in APPPATH\Controllers\Relatorios.php on line 112.
 1 SYSTEMPATH\CodeIgniter.php(933): App\Controllers\Relatorios->index(3)
 2 SYSTEMPATH\CodeIgniter.php(507): CodeIgniter\CodeIgniter->runController(Object(App\Controllers\Relatorios))
 3 SYSTEMPATH\CodeIgniter.php(354): CodeIgniter\CodeIgniter->handleRequest(null, Object(Config\Cache), false)
 4 SYSTEMPATH\Boot.php(334): CodeIgniter\CodeIgniter->run()
 5 SYSTEMPATH\Boot.php(67): CodeIgniter\Boot::runCodeIgniter(Object(CodeIgniter\CodeIgniter))
 6 FCPATH\index.php(56): CodeIgniter\Boot::bootWeb(Object(Config\Paths))
 7 SYSTEMPATH\rewrite.php(44): require_once('D:\\GitHub\\SysDelivery\\webserver\\www\\codeigniter4\\public\\index.php')
WARNING - 2025-04-28 17:59:09 --> [DEPRECATED] Function utf8_decode() is deprecated in APPPATH\Controllers\Relatorios.php on line 116.
 1 SYSTEMPATH\CodeIgniter.php(933): App\Controllers\Relatorios->index(3)
 2 SYSTEMPATH\CodeIgniter.php(507): CodeIgniter\CodeIgniter->runController(Object(App\Controllers\Relatorios))
 3 SYSTEMPATH\CodeIgniter.php(354): CodeIgniter\CodeIgniter->handleRequest(null, Object(Config\Cache), false)
 4 SYSTEMPATH\Boot.php(334): CodeIgniter\CodeIgniter->run()
 5 SYSTEMPATH\Boot.php(67): CodeIgniter\Boot::runCodeIgniter(Object(CodeIgniter\CodeIgniter))
 6 FCPATH\index.php(56): CodeIgniter\Boot::bootWeb(Object(Config\Paths))
 7 SYSTEMPATH\rewrite.php(44): require_once('D:\\GitHub\\SysDelivery\\webserver\\www\\codeigniter4\\public\\index.php')
WARNING - 2025-04-28 17:59:09 --> [DEPRECATED] Function utf8_decode() is deprecated in APPPATH\Controllers\Relatorios.php on line 123.
 1 SYSTEMPATH\CodeIgniter.php(933): App\Controllers\Relatorios->index(3)
 2 SYSTEMPATH\CodeIgniter.php(507): CodeIgniter\CodeIgniter->runController(Object(App\Controllers\Relatorios))
 3 SYSTEMPATH\CodeIgniter.php(354): CodeIgniter\CodeIgniter->handleRequest(null, Object(Config\Cache), false)
 4 SYSTEMPATH\Boot.php(334): CodeIgniter\CodeIgniter->run()
 5 SYSTEMPATH\Boot.php(67): CodeIgniter\Boot::runCodeIgniter(Object(CodeIgniter\CodeIgniter))
 6 FCPATH\index.php(56): CodeIgniter\Boot::bootWeb(Object(Config\Paths))
 7 SYSTEMPATH\rewrite.php(44): require_once('D:\\GitHub\\SysDelivery\\webserver\\www\\codeigniter4\\public\\index.php')
WARNING - 2025-04-28 17:59:09 --> [DEPRECATED] Function utf8_decode() is deprecated in APPPATH\Controllers\Relatorios.php on line 124.
 1 SYSTEMPATH\CodeIgniter.php(933): App\Controllers\Relatorios->index(3)
 2 SYSTEMPATH\CodeIgniter.php(507): CodeIgniter\CodeIgniter->runController(Object(App\Controllers\Relatorios))
 3 SYSTEMPATH\CodeIgniter.php(354): CodeIgniter\CodeIgniter->handleRequest(null, Object(Config\Cache), false)
 4 SYSTEMPATH\Boot.php(334): CodeIgniter\CodeIgniter->run()
 5 SYSTEMPATH\Boot.php(67): CodeIgniter\Boot::runCodeIgniter(Object(CodeIgniter\CodeIgniter))
 6 FCPATH\index.php(56): CodeIgniter\Boot::bootWeb(Object(Config\Paths))
 7 SYSTEMPATH\rewrite.php(44): require_once('D:\\GitHub\\SysDelivery\\webserver\\www\\codeigniter4\\public\\index.php')
WARNING - 2025-04-28 17:59:09 --> [DEPRECATED] Function utf8_decode() is deprecated in APPPATH\Controllers\Relatorios.php on line 125.
 1 SYSTEMPATH\CodeIgniter.php(933): App\Controllers\Relatorios->index(3)
 2 SYSTEMPATH\CodeIgniter.php(507): CodeIgniter\CodeIgniter->runController(Object(App\Controllers\Relatorios))
 3 SYSTEMPATH\CodeIgniter.php(354): CodeIgniter\CodeIgniter->handleRequest(null, Object(Config\Cache), false)
 4 SYSTEMPATH\Boot.php(334): CodeIgniter\CodeIgniter->run()
 5 SYSTEMPATH\Boot.php(67): CodeIgniter\Boot::runCodeIgniter(Object(CodeIgniter\CodeIgniter))
 6 FCPATH\index.php(56): CodeIgniter\Boot::bootWeb(Object(Config\Paths))
 7 SYSTEMPATH\rewrite.php(44): require_once('D:\\GitHub\\SysDelivery\\webserver\\www\\codeigniter4\\public\\index.php')
WARNING - 2025-04-28 17:59:09 --> [DEPRECATED] Function utf8_decode() is deprecated in APPPATH\Controllers\Relatorios.php on line 126.
 1 SYSTEMPATH\CodeIgniter.php(933): App\Controllers\Relatorios->index(3)
 2 SYSTEMPATH\CodeIgniter.php(507): CodeIgniter\CodeIgniter->runController(Object(App\Controllers\Relatorios))
 3 SYSTEMPATH\CodeIgniter.php(354): CodeIgniter\CodeIgniter->handleRequest(null, Object(Config\Cache), false)
 4 SYSTEMPATH\Boot.php(334): CodeIgniter\CodeIgniter->run()
 5 SYSTEMPATH\Boot.php(67): CodeIgniter\Boot::runCodeIgniter(Object(CodeIgniter\CodeIgniter))
 6 FCPATH\index.php(56): CodeIgniter\Boot::bootWeb(Object(Config\Paths))
 7 SYSTEMPATH\rewrite.php(44): require_once('D:\\GitHub\\SysDelivery\\webserver\\www\\codeigniter4\\public\\index.php')
WARNING - 2025-04-28 17:59:09 --> [DEPRECATED] Function utf8_decode() is deprecated in APPPATH\Controllers\Relatorios.php on line 127.
 1 SYSTEMPATH\CodeIgniter.php(933): App\Controllers\Relatorios->index(3)
 2 SYSTEMPATH\CodeIgniter.php(507): CodeIgniter\CodeIgniter->runController(Object(App\Controllers\Relatorios))
 3 SYSTEMPATH\CodeIgniter.php(354): CodeIgniter\CodeIgniter->handleRequest(null, Object(Config\Cache), false)
 4 SYSTEMPATH\Boot.php(334): CodeIgniter\CodeIgniter->run()
 5 SYSTEMPATH\Boot.php(67): CodeIgniter\Boot::runCodeIgniter(Object(CodeIgniter\CodeIgniter))
 6 FCPATH\index.php(56): CodeIgniter\Boot::bootWeb(Object(Config\Paths))
 7 SYSTEMPATH\rewrite.php(44): require_once('D:\\GitHub\\SysDelivery\\webserver\\www\\codeigniter4\\public\\index.php')
WARNING - 2025-04-28 17:59:09 --> [DEPRECATED] Function utf8_decode() is deprecated in APPPATH\Controllers\Relatorios.php on line 129.
 1 SYSTEMPATH\CodeIgniter.php(933): App\Controllers\Relatorios->index(3)
 2 SYSTEMPATH\CodeIgniter.php(507): CodeIgniter\CodeIgniter->runController(Object(App\Controllers\Relatorios))
 3 SYSTEMPATH\CodeIgniter.php(354): CodeIgniter\CodeIgniter->handleRequest(null, Object(Config\Cache), false)
 4 SYSTEMPATH\Boot.php(334): CodeIgniter\CodeIgniter->run()
 5 SYSTEMPATH\Boot.php(67): CodeIgniter\Boot::runCodeIgniter(Object(CodeIgniter\CodeIgniter))
 6 FCPATH\index.php(56): CodeIgniter\Boot::bootWeb(Object(Config\Paths))
 7 SYSTEMPATH\rewrite.php(44): require_once('D:\\GitHub\\SysDelivery\\webserver\\www\\codeigniter4\\public\\index.php')
WARNING - 2025-04-28 17:59:09 --> [DEPRECATED] Function utf8_decode() is deprecated in APPPATH\Libraries\RelatorioPDF.php on line 21.
 1 APPPATH\Libraries\fpdf\fpdf.php(279): RelatorioPDF->Footer()
 2 APPPATH\Libraries\fpdf\fpdf.php(988): FPDF->Close()
 3 APPPATH\Controllers\Relatorios.php(132): FPDF->Output('I', 'RelatorioEnderecos.pdf')
 4 SYSTEMPATH\CodeIgniter.php(933): App\Controllers\Relatorios->index(3)
 5 SYSTEMPATH\CodeIgniter.php(507): CodeIgniter\CodeIgniter->runController(Object(App\Controllers\Relatorios))
 6 SYSTEMPATH\CodeIgniter.php(354): CodeIgniter\CodeIgniter->handleRequest(null, Object(Config\Cache), false)
 7 SYSTEMPATH\Boot.php(334): CodeIgniter\CodeIgniter->run()
 8 SYSTEMPATH\Boot.php(67): CodeIgniter\Boot::runCodeIgniter(Object(CodeIgniter\CodeIgniter))
 9 FCPATH\index.php(56): CodeIgniter\Boot::bootWeb(Object(Config\Paths))
10 SYSTEMPATH\rewrite.php(44): require_once('D:\\GitHub\\SysDelivery\\webserver\\www\\codeigniter4\\public\\index.php')
WARNING - 2025-04-28 17:59:12 --> [DEPRECATED] Function utf8_decode() is deprecated in APPPATH\Controllers\Relatorios.php on line 44.
 1 SYSTEMPATH\CodeIgniter.php(933): App\Controllers\Relatorios->index(1)
 2 SYSTEMPATH\CodeIgniter.php(507): CodeIgniter\CodeIgniter->runController(Object(App\Controllers\Relatorios))
 3 SYSTEMPATH\CodeIgniter.php(354): CodeIgniter\CodeIgniter->handleRequest(null, Object(Config\Cache), false)
 4 SYSTEMPATH\Boot.php(334): CodeIgniter\CodeIgniter->run()
 5 SYSTEMPATH\Boot.php(67): CodeIgniter\Boot::runCodeIgniter(Object(CodeIgniter\CodeIgniter))
 6 FCPATH\index.php(56): CodeIgniter\Boot::bootWeb(Object(Config\Paths))
 7 SYSTEMPATH\rewrite.php(44): require_once('D:\\GitHub\\SysDelivery\\webserver\\www\\codeigniter4\\public\\index.php')
WARNING - 2025-04-28 17:59:12 --> [DEPRECATED] Function utf8_decode() is deprecated in APPPATH\Controllers\Relatorios.php on line 60.
 1 SYSTEMPATH\CodeIgniter.php(933): App\Controllers\Relatorios->index(1)
 2 SYSTEMPATH\CodeIgniter.php(507): CodeIgniter\CodeIgniter->runController(Object(App\Controllers\Relatorios))
 3 SYSTEMPATH\CodeIgniter.php(354): CodeIgniter\CodeIgniter->handleRequest(null, Object(Config\Cache), false)
 4 SYSTEMPATH\Boot.php(334): CodeIgniter\CodeIgniter->run()
 5 SYSTEMPATH\Boot.php(67): CodeIgniter\Boot::runCodeIgniter(Object(CodeIgniter\CodeIgniter))
 6 FCPATH\index.php(56): CodeIgniter\Boot::bootWeb(Object(Config\Paths))
 7 SYSTEMPATH\rewrite.php(44): require_once('D:\\GitHub\\SysDelivery\\webserver\\www\\codeigniter4\\public\\index.php')
WARNING - 2025-04-28 17:59:12 --> [DEPRECATED] Function utf8_decode() is deprecated in APPPATH\Controllers\Relatorios.php on line 61.
 1 SYSTEMPATH\CodeIgniter.php(933): App\Controllers\Relatorios->index(1)
 2 SYSTEMPATH\CodeIgniter.php(507): CodeIgniter\CodeIgniter->runController(Object(App\Controllers\Relatorios))
 3 SYSTEMPATH\CodeIgniter.php(354): CodeIgniter\CodeIgniter->handleRequest(null, Object(Config\Cache), false)
 4 SYSTEMPATH\Boot.php(334): CodeIgniter\CodeIgniter->run()
 5 SYSTEMPATH\Boot.php(67): CodeIgniter\Boot::runCodeIgniter(Object(CodeIgniter\CodeIgniter))
 6 FCPATH\index.php(56): CodeIgniter\Boot::bootWeb(Object(Config\Paths))
 7 SYSTEMPATH\rewrite.php(44): require_once('D:\\GitHub\\SysDelivery\\webserver\\www\\codeigniter4\\public\\index.php')
WARNING - 2025-04-28 17:59:12 --> [DEPRECATED] Function utf8_decode() is deprecated in APPPATH\Libraries\RelatorioPDF.php on line 21.
 1 APPPATH\Libraries\fpdf\fpdf.php(279): RelatorioPDF->Footer()
 2 APPPATH\Libraries\fpdf\fpdf.php(988): FPDF->Close()
 3 APPPATH\Controllers\Relatorios.php(65): FPDF->Output('I', 'RelatorioUsuarios.pdf')
 4 SYSTEMPATH\CodeIgniter.php(933): App\Controllers\Relatorios->index(1)
 5 SYSTEMPATH\CodeIgniter.php(507): CodeIgniter\CodeIgniter->runController(Object(App\Controllers\Relatorios))
 6 SYSTEMPATH\CodeIgniter.php(354): CodeIgniter\CodeIgniter->handleRequest(null, Object(Config\Cache), false)
 7 SYSTEMPATH\Boot.php(334): CodeIgniter\CodeIgniter->run()
 8 SYSTEMPATH\Boot.php(67): CodeIgniter\Boot::runCodeIgniter(Object(CodeIgniter\CodeIgniter))
 9 FCPATH\index.php(56): CodeIgniter\Boot::bootWeb(Object(Config\Paths))
10 SYSTEMPATH\rewrite.php(44): require_once('D:\\GitHub\\SysDelivery\\webserver\\www\\codeigniter4\\public\\index.php')
WARNING - 2025-04-28 17:59:13 --> [DEPRECATED] Function utf8_decode() is deprecated in APPPATH\Controllers\Relatorios.php on line 44.
 1 SYSTEMPATH\CodeIgniter.php(933): App\Controllers\Relatorios->index(1)
 2 SYSTEMPATH\CodeIgniter.php(507): CodeIgniter\CodeIgniter->runController(Object(App\Controllers\Relatorios))
 3 SYSTEMPATH\CodeIgniter.php(354): CodeIgniter\CodeIgniter->handleRequest(null, Object(Config\Cache), false)
 4 SYSTEMPATH\Boot.php(334): CodeIgniter\CodeIgniter->run()
 5 SYSTEMPATH\Boot.php(67): CodeIgniter\Boot::runCodeIgniter(Object(CodeIgniter\CodeIgniter))
 6 FCPATH\index.php(56): CodeIgniter\Boot::bootWeb(Object(Config\Paths))
 7 SYSTEMPATH\rewrite.php(44): require_once('D:\\GitHub\\SysDelivery\\webserver\\www\\codeigniter4\\public\\index.php')
WARNING - 2025-04-28 17:59:13 --> [DEPRECATED] Function utf8_decode() is deprecated in APPPATH\Controllers\Relatorios.php on line 60.
 1 SYSTEMPATH\CodeIgniter.php(933): App\Controllers\Relatorios->index(1)
 2 SYSTEMPATH\CodeIgniter.php(507): CodeIgniter\CodeIgniter->runController(Object(App\Controllers\Relatorios))
 3 SYSTEMPATH\CodeIgniter.php(354): CodeIgniter\CodeIgniter->handleRequest(null, Object(Config\Cache), false)
 4 SYSTEMPATH\Boot.php(334): CodeIgniter\CodeIgniter->run()
 5 SYSTEMPATH\Boot.php(67): CodeIgniter\Boot::runCodeIgniter(Object(CodeIgniter\CodeIgniter))
 6 FCPATH\index.php(56): CodeIgniter\Boot::bootWeb(Object(Config\Paths))
 7 SYSTEMPATH\rewrite.php(44): require_once('D:\\GitHub\\SysDelivery\\webserver\\www\\codeigniter4\\public\\index.php')
WARNING - 2025-04-28 17:59:13 --> [DEPRECATED] Function utf8_decode() is deprecated in APPPATH\Controllers\Relatorios.php on line 61.
 1 SYSTEMPATH\CodeIgniter.php(933): App\Controllers\Relatorios->index(1)
 2 SYSTEMPATH\CodeIgniter.php(507): CodeIgniter\CodeIgniter->runController(Object(App\Controllers\Relatorios))
 3 SYSTEMPATH\CodeIgniter.php(354): CodeIgniter\CodeIgniter->handleRequest(null, Object(Config\Cache), false)
 4 SYSTEMPATH\Boot.php(334): CodeIgniter\CodeIgniter->run()
 5 SYSTEMPATH\Boot.php(67): CodeIgniter\Boot::runCodeIgniter(Object(CodeIgniter\CodeIgniter))
 6 FCPATH\index.php(56): CodeIgniter\Boot::bootWeb(Object(Config\Paths))
 7 SYSTEMPATH\rewrite.php(44): require_once('D:\\GitHub\\SysDelivery\\webserver\\www\\codeigniter4\\public\\index.php')
WARNING - 2025-04-28 17:59:13 --> [DEPRECATED] Function utf8_decode() is deprecated in APPPATH\Libraries\RelatorioPDF.php on line 21.
 1 APPPATH\Libraries\fpdf\fpdf.php(279): RelatorioPDF->Footer()
 2 APPPATH\Libraries\fpdf\fpdf.php(988): FPDF->Close()
 3 APPPATH\Controllers\Relatorios.php(65): FPDF->Output('I', 'RelatorioUsuarios.pdf')
 4 SYSTEMPATH\CodeIgniter.php(933): App\Controllers\Relatorios->index(1)
 5 SYSTEMPATH\CodeIgniter.php(507): CodeIgniter\CodeIgniter->runController(Object(App\Controllers\Relatorios))
 6 SYSTEMPATH\CodeIgniter.php(354): CodeIgniter\CodeIgniter->handleRequest(null, Object(Config\Cache), false)
 7 SYSTEMPATH\Boot.php(334): CodeIgniter\CodeIgniter->run()
 8 SYSTEMPATH\Boot.php(67): CodeIgniter\Boot::runCodeIgniter(Object(CodeIgniter\CodeIgniter))
 9 FCPATH\index.php(56): CodeIgniter\Boot::bootWeb(Object(Config\Paths))
10 SYSTEMPATH\rewrite.php(44): require_once('D:\\GitHub\\SysDelivery\\webserver\\www\\codeigniter4\\public\\index.php')
WARNING - 2025-04-28 17:59:15 --> [DEPRECATED] Function utf8_decode() is deprecated in APPPATH\Controllers\Relatorios.php on line 137.
 1 SYSTEMPATH\CodeIgniter.php(933): App\Controllers\Relatorios->index(4)
 2 SYSTEMPATH\CodeIgniter.php(507): CodeIgniter\CodeIgniter->runController(Object(App\Controllers\Relatorios))
 3 SYSTEMPATH\CodeIgniter.php(354): CodeIgniter\CodeIgniter->handleRequest(null, Object(Config\Cache), false)
 4 SYSTEMPATH\Boot.php(334): CodeIgniter\CodeIgniter->run()
 5 SYSTEMPATH\Boot.php(67): CodeIgniter\Boot::runCodeIgniter(Object(CodeIgniter\CodeIgniter))
 6 FCPATH\index.php(56): CodeIgniter\Boot::bootWeb(Object(Config\Paths))
 7 SYSTEMPATH\rewrite.php(44): require_once('D:\\GitHub\\SysDelivery\\webserver\\www\\codeigniter4\\public\\index.php')
WARNING - 2025-04-28 17:59:15 --> [DEPRECATED] Function utf8_decode() is deprecated in APPPATH\Controllers\Relatorios.php on line 153.
 1 SYSTEMPATH\CodeIgniter.php(933): App\Controllers\Relatorios->index(4)
 2 SYSTEMPATH\CodeIgniter.php(507): CodeIgniter\CodeIgniter->runController(Object(App\Controllers\Relatorios))
 3 SYSTEMPATH\CodeIgniter.php(354): CodeIgniter\CodeIgniter->handleRequest(null, Object(Config\Cache), false)
 4 SYSTEMPATH\Boot.php(334): CodeIgniter\CodeIgniter->run()
 5 SYSTEMPATH\Boot.php(67): CodeIgniter\Boot::runCodeIgniter(Object(CodeIgniter\CodeIgniter))
 6 FCPATH\index.php(56): CodeIgniter\Boot::bootWeb(Object(Config\Paths))
 7 SYSTEMPATH\rewrite.php(44): require_once('D:\\GitHub\\SysDelivery\\webserver\\www\\codeigniter4\\public\\index.php')
WARNING - 2025-04-28 17:59:15 --> [DEPRECATED] Function utf8_decode() is deprecated in APPPATH\Controllers\Relatorios.php on line 154.
 1 SYSTEMPATH\CodeIgniter.php(933): App\Controllers\Relatorios->index(4)
 2 SYSTEMPATH\CodeIgniter.php(507): CodeIgniter\CodeIgniter->runController(Object(App\Controllers\Relatorios))
 3 SYSTEMPATH\CodeIgniter.php(354): CodeIgniter\CodeIgniter->handleRequest(null, Object(Config\Cache), false)
 4 SYSTEMPATH\Boot.php(334): CodeIgniter\CodeIgniter->run()
 5 SYSTEMPATH\Boot.php(67): CodeIgniter\Boot::runCodeIgniter(Object(CodeIgniter\CodeIgniter))
 6 FCPATH\index.php(56): CodeIgniter\Boot::bootWeb(Object(Config\Paths))
 7 SYSTEMPATH\rewrite.php(44): require_once('D:\\GitHub\\SysDelivery\\webserver\\www\\codeigniter4\\public\\index.php')
WARNING - 2025-04-28 17:59:15 --> [DEPRECATED] Function utf8_decode() is deprecated in APPPATH\Libraries\RelatorioPDF.php on line 21.
 1 APPPATH\Libraries\fpdf\fpdf.php(279): RelatorioPDF->Footer()
 2 APPPATH\Libraries\fpdf\fpdf.php(988): FPDF->Close()
 3 APPPATH\Controllers\Relatorios.php(158): FPDF->Output('I', 'RelatorioCidades.pdf')
 4 SYSTEMPATH\CodeIgniter.php(933): App\Controllers\Relatorios->index(4)
 5 SYSTEMPATH\CodeIgniter.php(507): CodeIgniter\CodeIgniter->runController(Object(App\Controllers\Relatorios))
 6 SYSTEMPATH\CodeIgniter.php(354): CodeIgniter\CodeIgniter->handleRequest(null, Object(Config\Cache), false)
 7 SYSTEMPATH\Boot.php(334): CodeIgniter\CodeIgniter->run()
 8 SYSTEMPATH\Boot.php(67): CodeIgniter\Boot::runCodeIgniter(Object(CodeIgniter\CodeIgniter))
 9 FCPATH\index.php(56): CodeIgniter\Boot::bootWeb(Object(Config\Paths))
10 SYSTEMPATH\rewrite.php(44): require_once('D:\\GitHub\\SysDelivery\\webserver\\www\\codeigniter4\\public\\index.php')
WARNING - 2025-04-28 17:59:15 --> [DEPRECATED] Function utf8_decode() is deprecated in APPPATH\Controllers\Relatorios.php on line 137.
 1 SYSTEMPATH\CodeIgniter.php(933): App\Controllers\Relatorios->index(4)
 2 SYSTEMPATH\CodeIgniter.php(507): CodeIgniter\CodeIgniter->runController(Object(App\Controllers\Relatorios))
 3 SYSTEMPATH\CodeIgniter.php(354): CodeIgniter\CodeIgniter->handleRequest(null, Object(Config\Cache), false)
 4 SYSTEMPATH\Boot.php(334): CodeIgniter\CodeIgniter->run()
 5 SYSTEMPATH\Boot.php(67): CodeIgniter\Boot::runCodeIgniter(Object(CodeIgniter\CodeIgniter))
 6 FCPATH\index.php(56): CodeIgniter\Boot::bootWeb(Object(Config\Paths))
 7 SYSTEMPATH\rewrite.php(44): require_once('D:\\GitHub\\SysDelivery\\webserver\\www\\codeigniter4\\public\\index.php')
WARNING - 2025-04-28 17:59:15 --> [DEPRECATED] Function utf8_decode() is deprecated in APPPATH\Controllers\Relatorios.php on line 153.
 1 SYSTEMPATH\CodeIgniter.php(933): App\Controllers\Relatorios->index(4)
 2 SYSTEMPATH\CodeIgniter.php(507): CodeIgniter\CodeIgniter->runController(Object(App\Controllers\Relatorios))
 3 SYSTEMPATH\CodeIgniter.php(354): CodeIgniter\CodeIgniter->handleRequest(null, Object(Config\Cache), false)
 4 SYSTEMPATH\Boot.php(334): CodeIgniter\CodeIgniter->run()
 5 SYSTEMPATH\Boot.php(67): CodeIgniter\Boot::runCodeIgniter(Object(CodeIgniter\CodeIgniter))
 6 FCPATH\index.php(56): CodeIgniter\Boot::bootWeb(Object(Config\Paths))
 7 SYSTEMPATH\rewrite.php(44): require_once('D:\\GitHub\\SysDelivery\\webserver\\www\\codeigniter4\\public\\index.php')
WARNING - 2025-04-28 17:59:15 --> [DEPRECATED] Function utf8_decode() is deprecated in APPPATH\Controllers\Relatorios.php on line 154.
 1 SYSTEMPATH\CodeIgniter.php(933): App\Controllers\Relatorios->index(4)
 2 SYSTEMPATH\CodeIgniter.php(507): CodeIgniter\CodeIgniter->runController(Object(App\Controllers\Relatorios))
 3 SYSTEMPATH\CodeIgniter.php(354): CodeIgniter\CodeIgniter->handleRequest(null, Object(Config\Cache), false)
 4 SYSTEMPATH\Boot.php(334): CodeIgniter\CodeIgniter->run()
 5 SYSTEMPATH\Boot.php(67): CodeIgniter\Boot::runCodeIgniter(Object(CodeIgniter\CodeIgniter))
 6 FCPATH\index.php(56): CodeIgniter\Boot::bootWeb(Object(Config\Paths))
 7 SYSTEMPATH\rewrite.php(44): require_once('D:\\GitHub\\SysDelivery\\webserver\\www\\codeigniter4\\public\\index.php')
WARNING - 2025-04-28 17:59:15 --> [DEPRECATED] Function utf8_decode() is deprecated in APPPATH\Libraries\RelatorioPDF.php on line 21.
 1 APPPATH\Libraries\fpdf\fpdf.php(279): RelatorioPDF->Footer()
 2 APPPATH\Libraries\fpdf\fpdf.php(988): FPDF->Close()
 3 APPPATH\Controllers\Relatorios.php(158): FPDF->Output('I', 'RelatorioCidades.pdf')
 4 SYSTEMPATH\CodeIgniter.php(933): App\Controllers\Relatorios->index(4)
 5 SYSTEMPATH\CodeIgniter.php(507): CodeIgniter\CodeIgniter->runController(Object(App\Controllers\Relatorios))
 6 SYSTEMPATH\CodeIgniter.php(354): CodeIgniter\CodeIgniter->handleRequest(null, Object(Config\Cache), false)
 7 SYSTEMPATH\Boot.php(334): CodeIgniter\CodeIgniter->run()
 8 SYSTEMPATH\Boot.php(67): CodeIgniter\Boot::runCodeIgniter(Object(CodeIgniter\CodeIgniter))
 9 FCPATH\index.php(56): CodeIgniter\Boot::bootWeb(Object(Config\Paths))
10 SYSTEMPATH\rewrite.php(44): require_once('D:\\GitHub\\SysDelivery\\webserver\\www\\codeigniter4\\public\\index.php')
